2015.01.15 12:44:44 org.jivesoftware.openfire.XMPPServer - ÂÜÖÈÉ®ÊúçÂä°Âô®ÈîôËØØ
java.lang.IllegalArgumentException: Illegal JID: mds-sunyiyan_2
	at org.xmpp.packet.JID.<init>(JID.java:542)
	at org.xmpp.packet.JID.<init>(JID.java:483)
	at org.xmpp.packet.JID.<init>(JID.java:464)
	at org.jivesoftware.openfire.SessionManager.initialize(SessionManager.java:1288)
	at org.jivesoftware.openfire.XMPPServer.initModules(XMPPServer.java:591)
	at org.jivesoftware.openfire.XMPPServer.access$5(XMPPServer.java:587)
	at org.jivesoftware.openfire.XMPPServer$1.run(XMPPServer.java:443)
Caused by: java.lang.IllegalArgumentException: The input is not a valid JID domain part: mds-sunyiyan_2
	at org.xmpp.packet.JID.domainprep(JID.java:344)
	at org.xmpp.packet.JID.<init>(JID.java:530)
	... 6 more
Caused by: gnu.inet.encoding.IDNAException: Contains non-LDH characters.
	at gnu.inet.encoding.IDNA.toASCII(IDNA.java:118)
	at gnu.inet.encoding.IDNA.toASCII(IDNA.java:64)
	at org.xmpp.packet.JID.domainprep(JID.java:330)
	... 7 more
2015.01.15 12:44:44 org.jivesoftware.openfire.XMPPServer - 
java.util.ConcurrentModificationException
	at java.util.LinkedHashMap$LinkedHashIterator.nextEntry(LinkedHashMap.java:394)
	at java.util.LinkedHashMap$ValueIterator.next(LinkedHashMap.java:409)
	at org.jivesoftware.openfire.XMPPServer.initModules(XMPPServer.java:588)
	at org.jivesoftware.openfire.XMPPServer.access$5(XMPPServer.java:587)
	at org.jivesoftware.openfire.XMPPServer$1.run(XMPPServer.java:443)
2015.01.15 12:44:44 org.jivesoftware.openfire.XMPPServer - Exception during module shutdown
java.lang.NullPointerException
	at org.jivesoftware.openfire.handler.IQOfflineMessagesHandler.stop(IQOfflineMessagesHandler.java:216)
	at org.jivesoftware.openfire.XMPPServer.shutdownServer(XMPPServer.java:968)
	at org.jivesoftware.openfire.XMPPServer.access$1(XMPPServer.java:949)
	at org.jivesoftware.openfire.XMPPServer$1.run(XMPPServer.java:450)
2015.01.15 12:44:44 org.jivesoftware.openfire.XMPPServer - Exception during module shutdown
java.lang.NullPointerException
	at org.jivesoftware.openfire.pep.IQPEPHandler.stopExecutor(IQPEPHandler.java:238)
	at org.jivesoftware.openfire.pep.IQPEPHandler.stop(IQPEPHandler.java:198)
	at org.jivesoftware.openfire.XMPPServer.shutdownServer(XMPPServer.java:968)
	at org.jivesoftware.openfire.XMPPServer.access$1(XMPPServer.java:949)
	at org.jivesoftware.openfire.XMPPServer$1.run(XMPPServer.java:450)
2015.01.15 12:44:44 org.jivesoftware.openfire.XMPPServer - Exception during module shutdown
java.lang.NullPointerException
	at org.jivesoftware.openfire.commands.AdHocCommandHandler.stop(AdHocCommandHandler.java:170)
	at org.jivesoftware.openfire.XMPPServer.shutdownServer(XMPPServer.java:968)
	at org.jivesoftware.openfire.XMPPServer.access$1(XMPPServer.java:949)
	at org.jivesoftware.openfire.XMPPServer$1.run(XMPPServer.java:450)
2015.01.15 12:44:44 org.jivesoftware.openfire.XMPPServer - Exception during module shutdown
java.lang.IllegalArgumentException: Illegal JID: null.mds-sunyiyan_2
	at org.xmpp.packet.JID.<init>(JID.java:542)
	at org.xmpp.packet.JID.<init>(JID.java:496)
	at org.jivesoftware.openfire.filetransfer.proxy.FileTransferProxy.getAddress(FileTransferProxy.java:305)
	at org.jivesoftware.openfire.filetransfer.proxy.FileTransferProxy.stop(FileTransferProxy.java:235)
	at org.jivesoftware.openfire.XMPPServer.shutdownServer(XMPPServer.java:968)
	at org.jivesoftware.openfire.XMPPServer.access$1(XMPPServer.java:949)
	at org.jivesoftware.openfire.XMPPServer$1.run(XMPPServer.java:450)
Caused by: java.lang.IllegalArgumentException: The input is not a valid JID domain part: null.mds-sunyiyan_2
	at org.xmpp.packet.JID.domainprep(JID.java:344)
	at org.xmpp.packet.JID.<init>(JID.java:530)
	... 6 more
Caused by: gnu.inet.encoding.IDNAException: Contains non-LDH characters.
	at gnu.inet.encoding.IDNA.toASCII(IDNA.java:118)
	at gnu.inet.encoding.IDNA.toASCII(IDNA.java:64)
	at org.xmpp.packet.JID.domainprep(JID.java:330)
	... 7 more
2015.01.15 12:44:44 org.jivesoftware.openfire.XMPPServer - Exception during module shutdown
java.lang.NullPointerException
	at org.jivesoftware.openfire.mediaproxy.MediaProxyService.stop(MediaProxyService.java:134)
	at org.jivesoftware.openfire.XMPPServer.shutdownServer(XMPPServer.java:968)
	at org.jivesoftware.openfire.XMPPServer.access$1(XMPPServer.java:949)
	at org.jivesoftware.openfire.XMPPServer$1.run(XMPPServer.java:450)
2015.01.15 12:44:44 org.jivesoftware.openfire.XMPPServer - Exception during module shutdown
java.lang.IllegalArgumentException: Illegal JID: null.mds-sunyiyan_2
	at org.xmpp.packet.JID.<init>(JID.java:542)
	at org.xmpp.packet.JID.<init>(JID.java:496)
	at org.jivesoftware.openfire.pubsub.PubSubModule.getAddress(PubSubModule.java:277)
	at org.jivesoftware.openfire.pubsub.PubSubModule.stop(PubSubModule.java:464)
	at org.jivesoftware.openfire.XMPPServer.shutdownServer(XMPPServer.java:968)
	at org.jivesoftware.openfire.XMPPServer.access$1(XMPPServer.java:949)
	at org.jivesoftware.openfire.XMPPServer$1.run(XMPPServer.java:450)
Caused by: java.lang.IllegalArgumentException: The input is not a valid JID domain part: null.mds-sunyiyan_2
	at org.xmpp.packet.JID.domainprep(JID.java:368)
	at org.xmpp.packet.JID.<init>(JID.java:530)
	... 6 more
2015.01.15 12:44:44 org.jivesoftware.openfire.XMPPServer - Exception during module shutdown
java.lang.NullPointerException
	at org.jivesoftware.openfire.net.SocketSendingTracker.shutdown(SocketSendingTracker.java:101)
	at org.jivesoftware.openfire.spi.ConnectionManagerImpl.stop(ConnectionManagerImpl.java:927)
	at org.jivesoftware.openfire.XMPPServer.shutdownServer(XMPPServer.java:968)
	at org.jivesoftware.openfire.XMPPServer.access$1(XMPPServer.java:949)
	at org.jivesoftware.openfire.XMPPServer$1.run(XMPPServer.java:450)
2015.01.15 12:45:50 org.jivesoftware.openfire.XMPPServer - ÂÜÖÈÉ®ÊúçÂä°Âô®ÈîôËØØ
java.lang.IllegalArgumentException: Illegal JID: mds-sunyiyan_2
	at org.xmpp.packet.JID.<init>(JID.java:542)
	at org.xmpp.packet.JID.<init>(JID.java:483)
	at org.xmpp.packet.JID.<init>(JID.java:464)
	at org.jivesoftware.openfire.SessionManager.initialize(SessionManager.java:1288)
	at org.jivesoftware.openfire.XMPPServer.initModules(XMPPServer.java:591)
	at org.jivesoftware.openfire.XMPPServer.start(XMPPServer.java:477)
	at org.jivesoftware.openfire.XMPPServer.<init>(XMPPServer.java:197)
	at sun.reflect.NativeConstructorAccessorImpl.newInstance0(Native Method)
	at sun.reflect.NativeConstructorAccessorImpl.newInstance(NativeConstructorAccessorImpl.java:57)
	at sun.reflect.DelegatingConstructorAccessorImpl.newInstance(DelegatingConstructorAccessorImpl.java:45)
	at java.lang.reflect.Constructor.newInstance(Constructor.java:526)
	at java.lang.Class.newInstance(Class.java:374)
	at org.jivesoftware.openfire.starter.ServerStarter.start(ServerStarter.java:113)
	at org.jivesoftware.openfire.starter.ServerStarter.main(ServerStarter.java:58)
Caused by: java.lang.IllegalArgumentException: The input is not a valid JID domain part: mds-sunyiyan_2
	at org.xmpp.packet.JID.domainprep(JID.java:344)
	at org.xmpp.packet.JID.<init>(JID.java:530)
	... 13 more
Caused by: gnu.inet.encoding.IDNAException: Contains non-LDH characters.
	at gnu.inet.encoding.IDNA.toASCII(IDNA.java:118)
	at gnu.inet.encoding.IDNA.toASCII(IDNA.java:64)
	at org.xmpp.packet.JID.domainprep(JID.java:330)
	... 14 more
2015.01.15 12:45:50 org.jivesoftware.openfire.XMPPServer - 
java.util.ConcurrentModificationException
	at java.util.LinkedHashMap$LinkedHashIterator.nextEntry(LinkedHashMap.java:394)
	at java.util.LinkedHashMap$ValueIterator.next(LinkedHashMap.java:409)
	at org.jivesoftware.openfire.XMPPServer.initModules(XMPPServer.java:588)
	at org.jivesoftware.openfire.XMPPServer.start(XMPPServer.java:477)
	at org.jivesoftware.openfire.XMPPServer.<init>(XMPPServer.java:197)
	at sun.reflect.NativeConstructorAccessorImpl.newInstance0(Native Method)
	at sun.reflect.NativeConstructorAccessorImpl.newInstance(NativeConstructorAccessorImpl.java:57)
	at sun.reflect.DelegatingConstructorAccessorImpl.newInstance(DelegatingConstructorAccessorImpl.java:45)
	at java.lang.reflect.Constructor.newInstance(Constructor.java:526)
	at java.lang.Class.newInstance(Class.java:374)
	at org.jivesoftware.openfire.starter.ServerStarter.start(ServerStarter.java:113)
	at org.jivesoftware.openfire.starter.ServerStarter.main(ServerStarter.java:58)
2015.01.15 12:45:50 org.jivesoftware.openfire.XMPPServer - Exception during module shutdown
java.lang.NullPointerException
	at org.jivesoftware.openfire.handler.IQOfflineMessagesHandler.stop(IQOfflineMessagesHandler.java:216)
	at org.jivesoftware.openfire.XMPPServer.shutdownServer(XMPPServer.java:968)
	at org.jivesoftware.openfire.XMPPServer.start(XMPPServer.java:504)
	at org.jivesoftware.openfire.XMPPServer.<init>(XMPPServer.java:197)
	at sun.reflect.NativeConstructorAccessorImpl.newInstance0(Native Method)
	at sun.reflect.NativeConstructorAccessorImpl.newInstance(NativeConstructorAccessorImpl.java:57)
	at sun.reflect.DelegatingConstructorAccessorImpl.newInstance(DelegatingConstructorAccessorImpl.java:45)
	at java.lang.reflect.Constructor.newInstance(Constructor.java:526)
	at java.lang.Class.newInstance(Class.java:374)
	at org.jivesoftware.openfire.starter.ServerStarter.start(ServerStarter.java:113)
	at org.jivesoftware.openfire.starter.ServerStarter.main(ServerStarter.java:58)
2015.01.15 12:45:50 org.jivesoftware.openfire.XMPPServer - Exception during module shutdown
java.lang.NullPointerException
	at org.jivesoftware.openfire.pep.IQPEPHandler.stopExecutor(IQPEPHandler.java:238)
	at org.jivesoftware.openfire.pep.IQPEPHandler.stop(IQPEPHandler.java:198)
	at org.jivesoftware.openfire.XMPPServer.shutdownServer(XMPPServer.java:968)
	at org.jivesoftware.openfire.XMPPServer.start(XMPPServer.java:504)
	at org.jivesoftware.openfire.XMPPServer.<init>(XMPPServer.java:197)
	at sun.reflect.NativeConstructorAccessorImpl.newInstance0(Native Method)
	at sun.reflect.NativeConstructorAccessorImpl.newInstance(NativeConstructorAccessorImpl.java:57)
	at sun.reflect.DelegatingConstructorAccessorImpl.newInstance(DelegatingConstructorAccessorImpl.java:45)
	at java.lang.reflect.Constructor.newInstance(Constructor.java:526)
	at java.lang.Class.newInstance(Class.java:374)
	at org.jivesoftware.openfire.starter.ServerStarter.start(ServerStarter.java:113)
	at org.jivesoftware.openfire.starter.ServerStarter.main(ServerStarter.java:58)
2015.01.15 12:45:50 org.jivesoftware.openfire.XMPPServer - Exception during module shutdown
java.lang.NullPointerException
	at org.jivesoftware.openfire.commands.AdHocCommandHandler.stop(AdHocCommandHandler.java:170)
	at org.jivesoftware.openfire.XMPPServer.shutdownServer(XMPPServer.java:968)
	at org.jivesoftware.openfire.XMPPServer.start(XMPPServer.java:504)
	at org.jivesoftware.openfire.XMPPServer.<init>(XMPPServer.java:197)
	at sun.reflect.NativeConstructorAccessorImpl.newInstance0(Native Method)
	at sun.reflect.NativeConstructorAccessorImpl.newInstance(NativeConstructorAccessorImpl.java:57)
	at sun.reflect.DelegatingConstructorAccessorImpl.newInstance(DelegatingConstructorAccessorImpl.java:45)
	at java.lang.reflect.Constructor.newInstance(Constructor.java:526)
	at java.lang.Class.newInstance(Class.java:374)
	at org.jivesoftware.openfire.starter.ServerStarter.start(ServerStarter.java:113)
	at org.jivesoftware.openfire.starter.ServerStarter.main(ServerStarter.java:58)
2015.01.15 12:45:50 org.jivesoftware.openfire.XMPPServer - Exception during module shutdown
java.lang.IllegalArgumentException: Illegal JID: null.mds-sunyiyan_2
	at org.xmpp.packet.JID.<init>(JID.java:542)
	at org.xmpp.packet.JID.<init>(JID.java:496)
	at org.jivesoftware.openfire.filetransfer.proxy.FileTransferProxy.getAddress(FileTransferProxy.java:305)
	at org.jivesoftware.openfire.filetransfer.proxy.FileTransferProxy.stop(FileTransferProxy.java:235)
	at org.jivesoftware.openfire.XMPPServer.shutdownServer(XMPPServer.java:968)
	at org.jivesoftware.openfire.XMPPServer.start(XMPPServer.java:504)
	at org.jivesoftware.openfire.XMPPServer.<init>(XMPPServer.java:197)
	at sun.reflect.NativeConstructorAccessorImpl.newInstance0(Native Method)
	at sun.reflect.NativeConstructorAccessorImpl.newInstance(NativeConstructorAccessorImpl.java:57)
	at sun.reflect.DelegatingConstructorAccessorImpl.newInstance(DelegatingConstructorAccessorImpl.java:45)
	at java.lang.reflect.Constructor.newInstance(Constructor.java:526)
	at java.lang.Class.newInstance(Class.java:374)
	at org.jivesoftware.openfire.starter.ServerStarter.start(ServerStarter.java:113)
	at org.jivesoftware.openfire.starter.ServerStarter.main(ServerStarter.java:58)
Caused by: java.lang.IllegalArgumentException: The input is not a valid JID domain part: null.mds-sunyiyan_2
	at org.xmpp.packet.JID.domainprep(JID.java:344)
	at org.xmpp.packet.JID.<init>(JID.java:530)
	... 13 more
Caused by: gnu.inet.encoding.IDNAException: Contains non-LDH characters.
	at gnu.inet.encoding.IDNA.toASCII(IDNA.java:118)
	at gnu.inet.encoding.IDNA.toASCII(IDNA.java:64)
	at org.xmpp.packet.JID.domainprep(JID.java:330)
	... 14 more
2015.01.15 12:45:50 org.jivesoftware.openfire.XMPPServer - Exception during module shutdown
java.lang.NullPointerException
	at org.jivesoftware.openfire.mediaproxy.MediaProxyService.stop(MediaProxyService.java:134)
	at org.jivesoftware.openfire.XMPPServer.shutdownServer(XMPPServer.java:968)
	at org.jivesoftware.openfire.XMPPServer.start(XMPPServer.java:504)
	at org.jivesoftware.openfire.XMPPServer.<init>(XMPPServer.java:197)
	at sun.reflect.NativeConstructorAccessorImpl.newInstance0(Native Method)
	at sun.reflect.NativeConstructorAccessorImpl.newInstance(NativeConstructorAccessorImpl.java:57)
	at sun.reflect.DelegatingConstructorAccessorImpl.newInstance(DelegatingConstructorAccessorImpl.java:45)
	at java.lang.reflect.Constructor.newInstance(Constructor.java:526)
	at java.lang.Class.newInstance(Class.java:374)
	at org.jivesoftware.openfire.starter.ServerStarter.start(ServerStarter.java:113)
	at org.jivesoftware.openfire.starter.ServerStarter.main(ServerStarter.java:58)
2015.01.15 12:45:50 org.jivesoftware.openfire.XMPPServer - Exception during module shutdown
java.lang.IllegalArgumentException: Illegal JID: null.mds-sunyiyan_2
	at org.xmpp.packet.JID.<init>(JID.java:542)
	at org.xmpp.packet.JID.<init>(JID.java:496)
	at org.jivesoftware.openfire.pubsub.PubSubModule.getAddress(PubSubModule.java:277)
	at org.jivesoftware.openfire.pubsub.PubSubModule.stop(PubSubModule.java:464)
	at org.jivesoftware.openfire.XMPPServer.shutdownServer(XMPPServer.java:968)
	at org.jivesoftware.openfire.XMPPServer.start(XMPPServer.java:504)
	at org.jivesoftware.openfire.XMPPServer.<init>(XMPPServer.java:197)
	at sun.reflect.NativeConstructorAccessorImpl.newInstance0(Native Method)
	at sun.reflect.NativeConstructorAccessorImpl.newInstance(NativeConstructorAccessorImpl.java:57)
	at sun.reflect.DelegatingConstructorAccessorImpl.newInstance(DelegatingConstructorAccessorImpl.java:45)
	at java.lang.reflect.Constructor.newInstance(Constructor.java:526)
	at java.lang.Class.newInstance(Class.java:374)
	at org.jivesoftware.openfire.starter.ServerStarter.start(ServerStarter.java:113)
	at org.jivesoftware.openfire.starter.ServerStarter.main(ServerStarter.java:58)
Caused by: java.lang.IllegalArgumentException: The input is not a valid JID domain part: null.mds-sunyiyan_2
	at org.xmpp.packet.JID.domainprep(JID.java:368)
	at org.xmpp.packet.JID.<init>(JID.java:530)
	... 13 more
2015.01.15 12:45:50 org.jivesoftware.openfire.XMPPServer - Exception during module shutdown
java.lang.NullPointerException
	at org.jivesoftware.openfire.net.SocketSendingTracker.shutdown(SocketSendingTracker.java:101)
	at org.jivesoftware.openfire.spi.ConnectionManagerImpl.stop(ConnectionManagerImpl.java:927)
	at org.jivesoftware.openfire.XMPPServer.shutdownServer(XMPPServer.java:968)
	at org.jivesoftware.openfire.XMPPServer.start(XMPPServer.java:504)
	at org.jivesoftware.openfire.XMPPServer.<init>(XMPPServer.java:197)
	at sun.reflect.NativeConstructorAccessorImpl.newInstance0(Native Method)
	at sun.reflect.NativeConstructorAccessorImpl.newInstance(NativeConstructorAccessorImpl.java:57)
	at sun.reflect.DelegatingConstructorAccessorImpl.newInstance(DelegatingConstructorAccessorImpl.java:45)
	at java.lang.reflect.Constructor.newInstance(Constructor.java:526)
	at java.lang.Class.newInstance(Class.java:374)
	at org.jivesoftware.openfire.starter.ServerStarter.start(ServerStarter.java:113)
	at org.jivesoftware.openfire.starter.ServerStarter.main(ServerStarter.java:58)
2015.01.15 13:26:32 org.jivesoftware.openfire.filetransfer.proxy.ProxyConnectionManager - Error creating server socket
java.net.BindException: Address already in use: JVM_Bind
	at java.net.DualStackPlainSocketImpl.bind0(Native Method)
	at java.net.DualStackPlainSocketImpl.socketBind(DualStackPlainSocketImpl.java:106)
	at java.net.AbstractPlainSocketImpl.bind(AbstractPlainSocketImpl.java:376)
	at java.net.PlainSocketImpl.bind(PlainSocketImpl.java:190)
	at java.net.ServerSocket.bind(ServerSocket.java:376)
	at java.net.ServerSocket.<init>(ServerSocket.java:237)
	at org.jivesoftware.openfire.filetransfer.proxy.ProxyConnectionManager$1.run(ProxyConnectionManager.java:104)
	at java.util.concurrent.Executors$RunnableAdapter.call(Executors.java:471)
	at java.util.concurrent.FutureTask.run(FutureTask.java:262)
	at java.util.concurrent.ThreadPoolExecutor.runWorker(ThreadPoolExecutor.java:1145)
	at java.util.concurrent.ThreadPoolExecutor$Worker.run(ThreadPoolExecutor.java:615)
	at java.lang.Thread.run(Thread.java:744)
2015.01.15 13:26:32 org.jivesoftware.openfire.FlashCrossDomainHandler - Could not listen on port: 5229
java.net.BindException: Address already in use: JVM_Bind
	at java.net.DualStackPlainSocketImpl.bind0(Native Method)
	at java.net.DualStackPlainSocketImpl.socketBind(DualStackPlainSocketImpl.java:106)
	at java.net.AbstractPlainSocketImpl.bind(AbstractPlainSocketImpl.java:376)
	at java.net.PlainSocketImpl.bind(PlainSocketImpl.java:190)
	at java.net.ServerSocket.bind(ServerSocket.java:376)
	at java.net.ServerSocket.<init>(ServerSocket.java:237)
	at org.jivesoftware.openfire.FlashCrossDomainHandler.startServer(FlashCrossDomainHandler.java:101)
	at org.jivesoftware.openfire.FlashCrossDomainHandler.access$0(FlashCrossDomainHandler.java:85)
	at org.jivesoftware.openfire.FlashCrossDomainHandler$1.run(FlashCrossDomainHandler.java:58)
	at java.lang.Thread.run(Thread.java:744)
2015.01.15 13:26:32 org.jivesoftware.openfire.spi.ConnectionManagerImpl - Œﬁ∑®…Ë÷√∑˛ŒÒ∆˜Ã◊Ω”◊÷
java.net.BindException: Address already in use: JVM_Bind
	at java.net.DualStackPlainSocketImpl.bind0(Native Method)
	at java.net.DualStackPlainSocketImpl.socketBind(DualStackPlainSocketImpl.java:106)
	at java.net.AbstractPlainSocketImpl.bind(AbstractPlainSocketImpl.java:376)
	at java.net.PlainSocketImpl.bind(PlainSocketImpl.java:190)
	at java.net.ServerSocket.bind(ServerSocket.java:376)
	at java.net.ServerSocket.<init>(ServerSocket.java:237)
	at org.jivesoftware.openfire.net.BlockingAcceptingMode.<init>(BlockingAcceptingMode.java:46)
	at org.jivesoftware.openfire.net.SocketAcceptThread.<init>(SocketAcceptThread.java:65)
	at org.jivesoftware.openfire.spi.ConnectionManagerImpl.createServerListener(ConnectionManagerImpl.java:189)
	at org.jivesoftware.openfire.spi.ConnectionManagerImpl.createListeners(ConnectionManagerImpl.java:128)
	at org.jivesoftware.openfire.spi.ConnectionManagerImpl.start(ConnectionManagerImpl.java:912)
	at org.jivesoftware.openfire.XMPPServer.startModules(XMPPServer.java:616)
	at org.jivesoftware.openfire.XMPPServer.start(XMPPServer.java:479)
	at org.jivesoftware.openfire.XMPPServer.<init>(XMPPServer.java:197)
	at sun.reflect.NativeConstructorAccessorImpl.newInstance0(Native Method)
	at sun.reflect.NativeConstructorAccessorImpl.newInstance(NativeConstructorAccessorImpl.java:57)
	at sun.reflect.DelegatingConstructorAccessorImpl.newInstance(DelegatingConstructorAccessorImpl.java:45)
	at java.lang.reflect.Constructor.newInstance(Constructor.java:526)
	at java.lang.Class.newInstance(Class.java:374)
	at org.jivesoftware.openfire.starter.ServerStarter.start(ServerStarter.java:113)
	at org.jivesoftware.openfire.starter.ServerStarter.main(ServerStarter.java:58)
2015.01.15 13:26:34 org.jivesoftware.openfire.container.AdminConsolePlugin - Could not start admin conosle server
MultiException[java.net.BindException: Address already in use: bind, java.net.BindException: Address already in use: bind]
	at org.eclipse.jetty.server.Server.doStart(Server.java:254)
	at org.eclipse.jetty.util.component.AbstractLifeCycle.start(AbstractLifeCycle.java:59)
	at org.jivesoftware.openfire.container.AdminConsolePlugin.startup(AdminConsolePlugin.java:181)
	at org.jivesoftware.openfire.container.AdminConsolePlugin.initializePlugin(AdminConsolePlugin.java:216)
	at org.jivesoftware.openfire.container.PluginManager.loadPlugin(PluginManager.java:483)
	at org.jivesoftware.openfire.container.PluginManager.access$1(PluginManager.java:282)
	at org.jivesoftware.openfire.container.PluginManager$PluginMonitor.run(PluginManager.java:1074)
	at java.util.concurrent.Executors$RunnableAdapter.call(Executors.java:471)
	at java.util.concurrent.FutureTask.runAndReset(FutureTask.java:304)
	at java.util.concurrent.ScheduledThreadPoolExecutor$ScheduledFutureTask.access$301(ScheduledThreadPoolExecutor.java:178)
	at java.util.concurrent.ScheduledThreadPoolExecutor$ScheduledFutureTask.run(ScheduledThreadPoolExecutor.java:293)
	at java.util.concurrent.ThreadPoolExecutor.runWorker(ThreadPoolExecutor.java:1145)
	at java.util.concurrent.ThreadPoolExecutor$Worker.run(ThreadPoolExecutor.java:615)
	at java.lang.Thread.run(Thread.java:744)
java.net.BindException: Address already in use: bind
	at sun.nio.ch.Net.bind0(Native Method)
	at sun.nio.ch.Net.bind(Net.java:444)
	at sun.nio.ch.Net.bind(Net.java:436)
	at sun.nio.ch.ServerSocketChannelImpl.bind(ServerSocketChannelImpl.java:214)
	at sun.nio.ch.ServerSocketAdaptor.bind(ServerSocketAdaptor.java:74)
	at org.eclipse.jetty.server.nio.SelectChannelConnector.open(SelectChannelConnector.java:172)
	at org.eclipse.jetty.server.AbstractConnector.doStart(AbstractConnector.java:300)
	at org.eclipse.jetty.server.nio.SelectChannelConnector.doStart(SelectChannelConnector.java:249)
	at org.eclipse.jetty.util.component.AbstractLifeCycle.start(AbstractLifeCycle.java:59)
	at org.eclipse.jetty.server.Server.doStart(Server.java:272)
	at org.eclipse.jetty.util.component.AbstractLifeCycle.start(AbstractLifeCycle.java:59)
	at org.jivesoftware.openfire.container.AdminConsolePlugin.startup(AdminConsolePlugin.java:181)
	at org.jivesoftware.openfire.container.AdminConsolePlugin.initializePlugin(AdminConsolePlugin.java:216)
	at org.jivesoftware.openfire.container.PluginManager.loadPlugin(PluginManager.java:483)
	at org.jivesoftware.openfire.container.PluginManager.access$1(PluginManager.java:282)
	at org.jivesoftware.openfire.container.PluginManager$PluginMonitor.run(PluginManager.java:1074)
	at java.util.concurrent.Executors$RunnableAdapter.call(Executors.java:471)
	at java.util.concurrent.FutureTask.runAndReset(FutureTask.java:304)
	at java.util.concurrent.ScheduledThreadPoolExecutor$ScheduledFutureTask.access$301(ScheduledThreadPoolExecutor.java:178)
	at java.util.concurrent.ScheduledThreadPoolExecutor$ScheduledFutureTask.run(ScheduledThreadPoolExecutor.java:293)
	at java.util.concurrent.ThreadPoolExecutor.runWorker(ThreadPoolExecutor.java:1145)
	at java.util.concurrent.ThreadPoolExecutor$Worker.run(ThreadPoolExecutor.java:615)
	at java.lang.Thread.run(Thread.java:744)
java.net.BindException: Address already in use: bind
	at sun.nio.ch.Net.bind0(Native Method)
	at sun.nio.ch.Net.bind(Net.java:444)
	at sun.nio.ch.Net.bind(Net.java:436)
	at sun.nio.ch.ServerSocketChannelImpl.bind(ServerSocketChannelImpl.java:214)
	at sun.nio.ch.ServerSocketAdaptor.bind(ServerSocketAdaptor.java:74)
	at org.eclipse.jetty.server.nio.SelectChannelConnector.open(SelectChannelConnector.java:172)
	at org.eclipse.jetty.server.AbstractConnector.doStart(AbstractConnector.java:300)
	at org.eclipse.jetty.server.nio.SelectChannelConnector.doStart(SelectChannelConnector.java:249)
	at org.eclipse.jetty.server.ssl.SslSelectChannelConnector.doStart(SslSelectChannelConnector.java:612)
	at org.eclipse.jetty.util.component.AbstractLifeCycle.start(AbstractLifeCycle.java:59)
	at org.eclipse.jetty.server.Server.doStart(Server.java:272)
	at org.eclipse.jetty.util.component.AbstractLifeCycle.start(AbstractLifeCycle.java:59)
	at org.jivesoftware.openfire.container.AdminConsolePlugin.startup(AdminConsolePlugin.java:181)
	at org.jivesoftware.openfire.container.AdminConsolePlugin.initializePlugin(AdminConsolePlugin.java:216)
	at org.jivesoftware.openfire.container.PluginManager.loadPlugin(PluginManager.java:483)
	at org.jivesoftware.openfire.container.PluginManager.access$1(PluginManager.java:282)
	at org.jivesoftware.openfire.container.PluginManager$PluginMonitor.run(PluginManager.java:1074)
	at java.util.concurrent.Executors$RunnableAdapter.call(Executors.java:471)
	at java.util.concurrent.FutureTask.runAndReset(FutureTask.java:304)
	at java.util.concurrent.ScheduledThreadPoolExecutor$ScheduledFutureTask.access$301(ScheduledThreadPoolExecutor.java:178)
	at java.util.concurrent.ScheduledThreadPoolExecutor$ScheduledFutureTask.run(ScheduledThreadPoolExecutor.java:293)
	at java.util.concurrent.ThreadPoolExecutor.runWorker(ThreadPoolExecutor.java:1145)
	at java.util.concurrent.ThreadPoolExecutor$Worker.run(ThreadPoolExecutor.java:615)
	at java.lang.Thread.run(Thread.java:744)
2015.01.15 13:26:34 org.jivesoftware.openfire.spi.ConnectionManagerImpl - Œﬁ∑®…Ë÷√∑˛ŒÒ∆˜Ã◊Ω”◊÷
java.lang.NullPointerException
	at org.jivesoftware.openfire.spi.ConnectionManagerImpl.startServerListener(ConnectionManagerImpl.java:207)
	at org.jivesoftware.openfire.spi.ConnectionManagerImpl.startListeners(ConnectionManagerImpl.java:170)
	at org.jivesoftware.openfire.spi.ConnectionManagerImpl.access$0(ConnectionManagerImpl.java:139)
	at org.jivesoftware.openfire.spi.ConnectionManagerImpl$1.pluginsMonitored(ConnectionManagerImpl.java:152)
	at org.jivesoftware.openfire.container.PluginManager.firePluginsMonitored(PluginManager.java:568)
	at org.jivesoftware.openfire.container.PluginManager.access$6(PluginManager.java:566)
	at org.jivesoftware.openfire.container.PluginManager$PluginMonitor.run(PluginManager.java:1084)
	at java.util.concurrent.Executors$RunnableAdapter.call(Executors.java:471)
	at java.util.concurrent.FutureTask.runAndReset(FutureTask.java:304)
	at java.util.concurrent.ScheduledThreadPoolExecutor$ScheduledFutureTask.access$301(ScheduledThreadPoolExecutor.java:178)
	at java.util.concurrent.ScheduledThreadPoolExecutor$ScheduledFutureTask.run(ScheduledThreadPoolExecutor.java:293)
	at java.util.concurrent.ThreadPoolExecutor.runWorker(ThreadPoolExecutor.java:1145)
	at java.util.concurrent.ThreadPoolExecutor$Worker.run(ThreadPoolExecutor.java:615)
	at java.lang.Thread.run(Thread.java:744)
2015.01.15 13:26:34 org.jivesoftware.openfire.spi.ConnectionManagerImpl - Œﬁ∑®…Ë÷√∑˛ŒÒ∆˜Ã◊Ω”◊÷
java.net.BindException: Address already in use: bind
	at sun.nio.ch.Net.bind0(Native Method)
	at sun.nio.ch.Net.bind(Net.java:444)
	at sun.nio.ch.Net.bind(Net.java:436)
	at sun.nio.ch.ServerSocketChannelImpl.bind(ServerSocketChannelImpl.java:214)
	at sun.nio.ch.ServerSocketAdaptor.bind(ServerSocketAdaptor.java:74)
	at org.apache.mina.transport.socket.nio.SocketAcceptor.registerNew(SocketAcceptor.java:363)
	at org.apache.mina.transport.socket.nio.SocketAcceptor.access$800(SocketAcceptor.java:55)
	at org.apache.mina.transport.socket.nio.SocketAcceptor$Worker.run(SocketAcceptor.java:222)
	at org.apache.mina.util.NamePreservingRunnable.run(NamePreservingRunnable.java:51)
	at java.util.concurrent.ThreadPoolExecutor.runWorker(ThreadPoolExecutor.java:1145)
	at java.util.concurrent.ThreadPoolExecutor$Worker.run(ThreadPoolExecutor.java:615)
	at java.lang.Thread.run(Thread.java:744)
2015.01.15 13:26:34 org.jivesoftware.openfire.spi.ConnectionManagerImpl - Œﬁ∑®…Ë÷√ SSL Ã◊Ω”◊÷
java.net.BindException: Address already in use: bind
	at sun.nio.ch.Net.bind0(Native Method)
	at sun.nio.ch.Net.bind(Net.java:444)
	at sun.nio.ch.Net.bind(Net.java:436)
	at sun.nio.ch.ServerSocketChannelImpl.bind(ServerSocketChannelImpl.java:214)
	at sun.nio.ch.ServerSocketAdaptor.bind(ServerSocketAdaptor.java:74)
	at org.apache.mina.transport.socket.nio.SocketAcceptor.registerNew(SocketAcceptor.java:363)
	at org.apache.mina.transport.socket.nio.SocketAcceptor.access$800(SocketAcceptor.java:55)
	at org.apache.mina.transport.socket.nio.SocketAcceptor$Worker.run(SocketAcceptor.java:222)
	at org.apache.mina.util.NamePreservingRunnable.run(NamePreservingRunnable.java:51)
	at java.util.concurrent.ThreadPoolExecutor.runWorker(ThreadPoolExecutor.java:1145)
	at java.util.concurrent.ThreadPoolExecutor$Worker.run(ThreadPoolExecutor.java:615)
	at java.lang.Thread.run(Thread.java:744)
2015.01.15 13:26:34 org.jivesoftware.openfire.http.HttpBindManager - Error starting HTTP bind service
MultiException[java.net.BindException: Address already in use: bind, java.net.BindException: Address already in use: bind]
	at org.eclipse.jetty.server.Server.doStart(Server.java:254)
	at org.eclipse.jetty.util.component.AbstractLifeCycle.start(AbstractLifeCycle.java:59)
	at org.jivesoftware.openfire.http.HttpBindManager.start(HttpBindManager.java:166)
	at org.jivesoftware.openfire.spi.ConnectionManagerImpl.startHTTPBindListeners(ConnectionManagerImpl.java:564)
	at org.jivesoftware.openfire.spi.ConnectionManagerImpl.startListeners(ConnectionManagerImpl.java:180)
	at org.jivesoftware.openfire.spi.ConnectionManagerImpl.access$0(ConnectionManagerImpl.java:139)
	at org.jivesoftware.openfire.spi.ConnectionManagerImpl$1.pluginsMonitored(ConnectionManagerImpl.java:152)
	at org.jivesoftware.openfire.container.PluginManager.firePluginsMonitored(PluginManager.java:568)
	at org.jivesoftware.openfire.container.PluginManager.access$6(PluginManager.java:566)
	at org.jivesoftware.openfire.container.PluginManager$PluginMonitor.run(PluginManager.java:1084)
	at java.util.concurrent.Executors$RunnableAdapter.call(Executors.java:471)
	at java.util.concurrent.FutureTask.runAndReset(FutureTask.java:304)
	at java.util.concurrent.ScheduledThreadPoolExecutor$ScheduledFutureTask.access$301(ScheduledThreadPoolExecutor.java:178)
	at java.util.concurrent.ScheduledThreadPoolExecutor$ScheduledFutureTask.run(ScheduledThreadPoolExecutor.java:293)
	at java.util.concurrent.ThreadPoolExecutor.runWorker(ThreadPoolExecutor.java:1145)
	at java.util.concurrent.ThreadPoolExecutor$Worker.run(ThreadPoolExecutor.java:615)
	at java.lang.Thread.run(Thread.java:744)
java.net.BindException: Address already in use: bind
	at sun.nio.ch.Net.bind0(Native Method)
	at sun.nio.ch.Net.bind(Net.java:444)
	at sun.nio.ch.Net.bind(Net.java:436)
	at sun.nio.ch.ServerSocketChannelImpl.bind(ServerSocketChannelImpl.java:214)
	at sun.nio.ch.ServerSocketAdaptor.bind(ServerSocketAdaptor.java:74)
	at org.eclipse.jetty.server.nio.SelectChannelConnector.open(SelectChannelConnector.java:172)
	at org.eclipse.jetty.server.AbstractConnector.doStart(AbstractConnector.java:300)
	at org.eclipse.jetty.server.nio.SelectChannelConnector.doStart(SelectChannelConnector.java:249)
	at org.eclipse.jetty.util.component.AbstractLifeCycle.start(AbstractLifeCycle.java:59)
	at org.eclipse.jetty.server.Server.doStart(Server.java:272)
	at org.eclipse.jetty.util.component.AbstractLifeCycle.start(AbstractLifeCycle.java:59)
	at org.jivesoftware.openfire.http.HttpBindManager.start(HttpBindManager.java:166)
	at org.jivesoftware.openfire.spi.ConnectionManagerImpl.startHTTPBindListeners(ConnectionManagerImpl.java:564)
	at org.jivesoftware.openfire.spi.ConnectionManagerImpl.startListeners(ConnectionManagerImpl.java:180)
	at org.jivesoftware.openfire.spi.ConnectionManagerImpl.access$0(ConnectionManagerImpl.java:139)
	at org.jivesoftware.openfire.spi.ConnectionManagerImpl$1.pluginsMonitored(ConnectionManagerImpl.java:152)
	at org.jivesoftware.openfire.container.PluginManager.firePluginsMonitored(PluginManager.java:568)
	at org.jivesoftware.openfire.container.PluginManager.access$6(PluginManager.java:566)
	at org.jivesoftware.openfire.container.PluginManager$PluginMonitor.run(PluginManager.java:1084)
	at java.util.concurrent.Executors$RunnableAdapter.call(Executors.java:471)
	at java.util.concurrent.FutureTask.runAndReset(FutureTask.java:304)
	at java.util.concurrent.ScheduledThreadPoolExecutor$ScheduledFutureTask.access$301(ScheduledThreadPoolExecutor.java:178)
	at java.util.concurrent.ScheduledThreadPoolExecutor$ScheduledFutureTask.run(ScheduledThreadPoolExecutor.java:293)
	at java.util.concurrent.ThreadPoolExecutor.runWorker(ThreadPoolExecutor.java:1145)
	at java.util.concurrent.ThreadPoolExecutor$Worker.run(ThreadPoolExecutor.java:615)
	at java.lang.Thread.run(Thread.java:744)
java.net.BindException: Address already in use: bind
	at sun.nio.ch.Net.bind0(Native Method)
	at sun.nio.ch.Net.bind(Net.java:444)
	at sun.nio.ch.Net.bind(Net.java:436)
	at sun.nio.ch.ServerSocketChannelImpl.bind(ServerSocketChannelImpl.java:214)
	at sun.nio.ch.ServerSocketAdaptor.bind(ServerSocketAdaptor.java:74)
	at org.eclipse.jetty.server.nio.SelectChannelConnector.open(SelectChannelConnector.java:172)
	at org.eclipse.jetty.server.AbstractConnector.doStart(AbstractConnector.java:300)
	at org.eclipse.jetty.server.nio.SelectChannelConnector.doStart(SelectChannelConnector.java:249)
	at org.eclipse.jetty.server.ssl.SslSelectChannelConnector.doStart(SslSelectChannelConnector.java:612)
	at org.eclipse.jetty.util.component.AbstractLifeCycle.start(AbstractLifeCycle.java:59)
	at org.eclipse.jetty.server.Server.doStart(Server.java:272)
	at org.eclipse.jetty.util.component.AbstractLifeCycle.start(AbstractLifeCycle.java:59)
	at org.jivesoftware.openfire.http.HttpBindManager.start(HttpBindManager.java:166)
	at org.jivesoftware.openfire.spi.ConnectionManagerImpl.startHTTPBindListeners(ConnectionManagerImpl.java:564)
	at org.jivesoftware.openfire.spi.ConnectionManagerImpl.startListeners(ConnectionManagerImpl.java:180)
	at org.jivesoftware.openfire.spi.ConnectionManagerImpl.access$0(ConnectionManagerImpl.java:139)
	at org.jivesoftware.openfire.spi.ConnectionManagerImpl$1.pluginsMonitored(ConnectionManagerImpl.java:152)
	at org.jivesoftware.openfire.container.PluginManager.firePluginsMonitored(PluginManager.java:568)
	at org.jivesoftware.openfire.container.PluginManager.access$6(PluginManager.java:566)
	at org.jivesoftware.openfire.container.PluginManager$PluginMonitor.run(PluginManager.java:1084)
	at java.util.concurrent.Executors$RunnableAdapter.call(Executors.java:471)
	at java.util.concurrent.FutureTask.runAndReset(FutureTask.java:304)
	at java.util.concurrent.ScheduledThreadPoolExecutor$ScheduledFutureTask.access$301(ScheduledThreadPoolExecutor.java:178)
	at java.util.concurrent.ScheduledThreadPoolExecutor$ScheduledFutureTask.run(ScheduledThreadPoolExecutor.java:293)
	at java.util.concurrent.ThreadPoolExecutor.runWorker(ThreadPoolExecutor.java:1145)
	at java.util.concurrent.ThreadPoolExecutor$Worker.run(ThreadPoolExecutor.java:615)
	at java.lang.Thread.run(Thread.java:744)
2015.01.15 13:27:07 org.jivesoftware.openfire.filetransfer.proxy.ProxyConnectionManager - Error creating server socket
java.net.BindException: Address already in use: JVM_Bind
	at java.net.DualStackPlainSocketImpl.bind0(Native Method)
	at java.net.DualStackPlainSocketImpl.socketBind(DualStackPlainSocketImpl.java:106)
	at java.net.AbstractPlainSocketImpl.bind(AbstractPlainSocketImpl.java:376)
	at java.net.PlainSocketImpl.bind(PlainSocketImpl.java:190)
	at java.net.ServerSocket.bind(ServerSocket.java:376)
	at java.net.ServerSocket.<init>(ServerSocket.java:237)
	at org.jivesoftware.openfire.filetransfer.proxy.ProxyConnectionManager$1.run(ProxyConnectionManager.java:104)
	at java.util.concurrent.Executors$RunnableAdapter.call(Executors.java:471)
	at java.util.concurrent.FutureTask.run(FutureTask.java:262)
	at java.util.concurrent.ThreadPoolExecutor.runWorker(ThreadPoolExecutor.java:1145)
	at java.util.concurrent.ThreadPoolExecutor$Worker.run(ThreadPoolExecutor.java:615)
	at java.lang.Thread.run(Thread.java:744)
2015.01.15 13:27:07 org.jivesoftware.openfire.FlashCrossDomainHandler - Could not listen on port: 5229
java.net.BindException: Address already in use: JVM_Bind
	at java.net.DualStackPlainSocketImpl.bind0(Native Method)
	at java.net.DualStackPlainSocketImpl.socketBind(DualStackPlainSocketImpl.java:106)
	at java.net.AbstractPlainSocketImpl.bind(AbstractPlainSocketImpl.java:376)
	at java.net.PlainSocketImpl.bind(PlainSocketImpl.java:190)
	at java.net.ServerSocket.bind(ServerSocket.java:376)
	at java.net.ServerSocket.<init>(ServerSocket.java:237)
	at org.jivesoftware.openfire.FlashCrossDomainHandler.startServer(FlashCrossDomainHandler.java:101)
	at org.jivesoftware.openfire.FlashCrossDomainHandler.access$0(FlashCrossDomainHandler.java:85)
	at org.jivesoftware.openfire.FlashCrossDomainHandler$1.run(FlashCrossDomainHandler.java:58)
	at java.lang.Thread.run(Thread.java:744)
2015.01.15 13:27:07 org.jivesoftware.openfire.spi.ConnectionManagerImpl - Œﬁ∑®…Ë÷√∑˛ŒÒ∆˜Ã◊Ω”◊÷
java.net.BindException: Address already in use: JVM_Bind
	at java.net.DualStackPlainSocketImpl.bind0(Native Method)
	at java.net.DualStackPlainSocketImpl.socketBind(DualStackPlainSocketImpl.java:106)
	at java.net.AbstractPlainSocketImpl.bind(AbstractPlainSocketImpl.java:376)
	at java.net.PlainSocketImpl.bind(PlainSocketImpl.java:190)
	at java.net.ServerSocket.bind(ServerSocket.java:376)
	at java.net.ServerSocket.<init>(ServerSocket.java:237)
	at org.jivesoftware.openfire.net.BlockingAcceptingMode.<init>(BlockingAcceptingMode.java:46)
	at org.jivesoftware.openfire.net.SocketAcceptThread.<init>(SocketAcceptThread.java:65)
	at org.jivesoftware.openfire.spi.ConnectionManagerImpl.createServerListener(ConnectionManagerImpl.java:189)
	at org.jivesoftware.openfire.spi.ConnectionManagerImpl.createListeners(ConnectionManagerImpl.java:128)
	at org.jivesoftware.openfire.spi.ConnectionManagerImpl.start(ConnectionManagerImpl.java:912)
	at org.jivesoftware.openfire.XMPPServer.startModules(XMPPServer.java:616)
	at org.jivesoftware.openfire.XMPPServer.start(XMPPServer.java:479)
	at org.jivesoftware.openfire.XMPPServer.<init>(XMPPServer.java:197)
	at sun.reflect.NativeConstructorAccessorImpl.newInstance0(Native Method)
	at sun.reflect.NativeConstructorAccessorImpl.newInstance(NativeConstructorAccessorImpl.java:57)
	at sun.reflect.DelegatingConstructorAccessorImpl.newInstance(DelegatingConstructorAccessorImpl.java:45)
	at java.lang.reflect.Constructor.newInstance(Constructor.java:526)
	at java.lang.Class.newInstance(Class.java:374)
	at org.jivesoftware.openfire.starter.ServerStarter.start(ServerStarter.java:113)
	at org.jivesoftware.openfire.starter.ServerStarter.main(ServerStarter.java:58)
2015.01.15 13:27:08 org.jivesoftware.openfire.container.AdminConsolePlugin - Could not start admin conosle server
MultiException[java.net.BindException: Address already in use: bind, java.net.BindException: Address already in use: bind]
	at org.eclipse.jetty.server.Server.doStart(Server.java:254)
	at org.eclipse.jetty.util.component.AbstractLifeCycle.start(AbstractLifeCycle.java:59)
	at org.jivesoftware.openfire.container.AdminConsolePlugin.startup(AdminConsolePlugin.java:181)
	at org.jivesoftware.openfire.container.AdminConsolePlugin.initializePlugin(AdminConsolePlugin.java:216)
	at org.jivesoftware.openfire.container.PluginManager.loadPlugin(PluginManager.java:483)
	at org.jivesoftware.openfire.container.PluginManager.access$1(PluginManager.java:282)
	at org.jivesoftware.openfire.container.PluginManager$PluginMonitor.run(PluginManager.java:1074)
	at java.util.concurrent.Executors$RunnableAdapter.call(Executors.java:471)
	at java.util.concurrent.FutureTask.runAndReset(FutureTask.java:304)
	at java.util.concurrent.ScheduledThreadPoolExecutor$ScheduledFutureTask.access$301(ScheduledThreadPoolExecutor.java:178)
	at java.util.concurrent.ScheduledThreadPoolExecutor$ScheduledFutureTask.run(ScheduledThreadPoolExecutor.java:293)
	at java.util.concurrent.ThreadPoolExecutor.runWorker(ThreadPoolExecutor.java:1145)
	at java.util.concurrent.ThreadPoolExecutor$Worker.run(ThreadPoolExecutor.java:615)
	at java.lang.Thread.run(Thread.java:744)
java.net.BindException: Address already in use: bind
	at sun.nio.ch.Net.bind0(Native Method)
	at sun.nio.ch.Net.bind(Net.java:444)
	at sun.nio.ch.Net.bind(Net.java:436)
	at sun.nio.ch.ServerSocketChannelImpl.bind(ServerSocketChannelImpl.java:214)
	at sun.nio.ch.ServerSocketAdaptor.bind(ServerSocketAdaptor.java:74)
	at org.eclipse.jetty.server.nio.SelectChannelConnector.open(SelectChannelConnector.java:172)
	at org.eclipse.jetty.server.AbstractConnector.doStart(AbstractConnector.java:300)
	at org.eclipse.jetty.server.nio.SelectChannelConnector.doStart(SelectChannelConnector.java:249)
	at org.eclipse.jetty.util.component.AbstractLifeCycle.start(AbstractLifeCycle.java:59)
	at org.eclipse.jetty.server.Server.doStart(Server.java:272)
	at org.eclipse.jetty.util.component.AbstractLifeCycle.start(AbstractLifeCycle.java:59)
	at org.jivesoftware.openfire.container.AdminConsolePlugin.startup(AdminConsolePlugin.java:181)
	at org.jivesoftware.openfire.container.AdminConsolePlugin.initializePlugin(AdminConsolePlugin.java:216)
	at org.jivesoftware.openfire.container.PluginManager.loadPlugin(PluginManager.java:483)
	at org.jivesoftware.openfire.container.PluginManager.access$1(PluginManager.java:282)
	at org.jivesoftware.openfire.container.PluginManager$PluginMonitor.run(PluginManager.java:1074)
	at java.util.concurrent.Executors$RunnableAdapter.call(Executors.java:471)
	at java.util.concurrent.FutureTask.runAndReset(FutureTask.java:304)
	at java.util.concurrent.ScheduledThreadPoolExecutor$ScheduledFutureTask.access$301(ScheduledThreadPoolExecutor.java:178)
	at java.util.concurrent.ScheduledThreadPoolExecutor$ScheduledFutureTask.run(ScheduledThreadPoolExecutor.java:293)
	at java.util.concurrent.ThreadPoolExecutor.runWorker(ThreadPoolExecutor.java:1145)
	at java.util.concurrent.ThreadPoolExecutor$Worker.run(ThreadPoolExecutor.java:615)
	at java.lang.Thread.run(Thread.java:744)
java.net.BindException: Address already in use: bind
	at sun.nio.ch.Net.bind0(Native Method)
	at sun.nio.ch.Net.bind(Net.java:444)
	at sun.nio.ch.Net.bind(Net.java:436)
	at sun.nio.ch.ServerSocketChannelImpl.bind(ServerSocketChannelImpl.java:214)
	at sun.nio.ch.ServerSocketAdaptor.bind(ServerSocketAdaptor.java:74)
	at org.eclipse.jetty.server.nio.SelectChannelConnector.open(SelectChannelConnector.java:172)
	at org.eclipse.jetty.server.AbstractConnector.doStart(AbstractConnector.java:300)
	at org.eclipse.jetty.server.nio.SelectChannelConnector.doStart(SelectChannelConnector.java:249)
	at org.eclipse.jetty.server.ssl.SslSelectChannelConnector.doStart(SslSelectChannelConnector.java:612)
	at org.eclipse.jetty.util.component.AbstractLifeCycle.start(AbstractLifeCycle.java:59)
	at org.eclipse.jetty.server.Server.doStart(Server.java:272)
	at org.eclipse.jetty.util.component.AbstractLifeCycle.start(AbstractLifeCycle.java:59)
	at org.jivesoftware.openfire.container.AdminConsolePlugin.startup(AdminConsolePlugin.java:181)
	at org.jivesoftware.openfire.container.AdminConsolePlugin.initializePlugin(AdminConsolePlugin.java:216)
	at org.jivesoftware.openfire.container.PluginManager.loadPlugin(PluginManager.java:483)
	at org.jivesoftware.openfire.container.PluginManager.access$1(PluginManager.java:282)
	at org.jivesoftware.openfire.container.PluginManager$PluginMonitor.run(PluginManager.java:1074)
	at java.util.concurrent.Executors$RunnableAdapter.call(Executors.java:471)
	at java.util.concurrent.FutureTask.runAndReset(FutureTask.java:304)
	at java.util.concurrent.ScheduledThreadPoolExecutor$ScheduledFutureTask.access$301(ScheduledThreadPoolExecutor.java:178)
	at java.util.concurrent.ScheduledThreadPoolExecutor$ScheduledFutureTask.run(ScheduledThreadPoolExecutor.java:293)
	at java.util.concurrent.ThreadPoolExecutor.runWorker(ThreadPoolExecutor.java:1145)
	at java.util.concurrent.ThreadPoolExecutor$Worker.run(ThreadPoolExecutor.java:615)
	at java.lang.Thread.run(Thread.java:744)
2015.01.15 13:27:08 org.jivesoftware.openfire.spi.ConnectionManagerImpl - Œﬁ∑®…Ë÷√∑˛ŒÒ∆˜Ã◊Ω”◊÷
java.lang.NullPointerException
	at org.jivesoftware.openfire.spi.ConnectionManagerImpl.startServerListener(ConnectionManagerImpl.java:207)
	at org.jivesoftware.openfire.spi.ConnectionManagerImpl.startListeners(ConnectionManagerImpl.java:170)
	at org.jivesoftware.openfire.spi.ConnectionManagerImpl.access$0(ConnectionManagerImpl.java:139)
	at org.jivesoftware.openfire.spi.ConnectionManagerImpl$1.pluginsMonitored(ConnectionManagerImpl.java:152)
	at org.jivesoftware.openfire.container.PluginManager.firePluginsMonitored(PluginManager.java:568)
	at org.jivesoftware.openfire.container.PluginManager.access$6(PluginManager.java:566)
	at org.jivesoftware.openfire.container.PluginManager$PluginMonitor.run(PluginManager.java:1084)
	at java.util.concurrent.Executors$RunnableAdapter.call(Executors.java:471)
	at java.util.concurrent.FutureTask.runAndReset(FutureTask.java:304)
	at java.util.concurrent.ScheduledThreadPoolExecutor$ScheduledFutureTask.access$301(ScheduledThreadPoolExecutor.java:178)
	at java.util.concurrent.ScheduledThreadPoolExecutor$ScheduledFutureTask.run(ScheduledThreadPoolExecutor.java:293)
	at java.util.concurrent.ThreadPoolExecutor.runWorker(ThreadPoolExecutor.java:1145)
	at java.util.concurrent.ThreadPoolExecutor$Worker.run(ThreadPoolExecutor.java:615)
	at java.lang.Thread.run(Thread.java:744)
2015.01.15 13:27:08 org.jivesoftware.openfire.spi.ConnectionManagerImpl - Œﬁ∑®…Ë÷√∑˛ŒÒ∆˜Ã◊Ω”◊÷
java.net.BindException: Address already in use: bind
	at sun.nio.ch.Net.bind0(Native Method)
	at sun.nio.ch.Net.bind(Net.java:444)
	at sun.nio.ch.Net.bind(Net.java:436)
	at sun.nio.ch.ServerSocketChannelImpl.bind(ServerSocketChannelImpl.java:214)
	at sun.nio.ch.ServerSocketAdaptor.bind(ServerSocketAdaptor.java:74)
	at org.apache.mina.transport.socket.nio.SocketAcceptor.registerNew(SocketAcceptor.java:363)
	at org.apache.mina.transport.socket.nio.SocketAcceptor.access$800(SocketAcceptor.java:55)
	at org.apache.mina.transport.socket.nio.SocketAcceptor$Worker.run(SocketAcceptor.java:222)
	at org.apache.mina.util.NamePreservingRunnable.run(NamePreservingRunnable.java:51)
	at java.util.concurrent.ThreadPoolExecutor.runWorker(ThreadPoolExecutor.java:1145)
	at java.util.concurrent.ThreadPoolExecutor$Worker.run(ThreadPoolExecutor.java:615)
	at java.lang.Thread.run(Thread.java:744)
2015.01.15 13:27:08 org.jivesoftware.openfire.spi.ConnectionManagerImpl - Œﬁ∑®…Ë÷√ SSL Ã◊Ω”◊÷
java.net.BindException: Address already in use: bind
	at sun.nio.ch.Net.bind0(Native Method)
	at sun.nio.ch.Net.bind(Net.java:444)
	at sun.nio.ch.Net.bind(Net.java:436)
	at sun.nio.ch.ServerSocketChannelImpl.bind(ServerSocketChannelImpl.java:214)
	at sun.nio.ch.ServerSocketAdaptor.bind(ServerSocketAdaptor.java:74)
	at org.apache.mina.transport.socket.nio.SocketAcceptor.registerNew(SocketAcceptor.java:363)
	at org.apache.mina.transport.socket.nio.SocketAcceptor.access$800(SocketAcceptor.java:55)
	at org.apache.mina.transport.socket.nio.SocketAcceptor$Worker.run(SocketAcceptor.java:222)
	at org.apache.mina.util.NamePreservingRunnable.run(NamePreservingRunnable.java:51)
	at java.util.concurrent.ThreadPoolExecutor.runWorker(ThreadPoolExecutor.java:1145)
	at java.util.concurrent.ThreadPoolExecutor$Worker.run(ThreadPoolExecutor.java:615)
	at java.lang.Thread.run(Thread.java:744)
2015.01.15 13:27:08 org.jivesoftware.openfire.http.HttpBindManager - Error starting HTTP bind service
MultiException[java.net.BindException: Address already in use: bind, java.net.BindException: Address already in use: bind]
	at org.eclipse.jetty.server.Server.doStart(Server.java:254)
	at org.eclipse.jetty.util.component.AbstractLifeCycle.start(AbstractLifeCycle.java:59)
	at org.jivesoftware.openfire.http.HttpBindManager.start(HttpBindManager.java:166)
	at org.jivesoftware.openfire.spi.ConnectionManagerImpl.startHTTPBindListeners(ConnectionManagerImpl.java:564)
	at org.jivesoftware.openfire.spi.ConnectionManagerImpl.startListeners(ConnectionManagerImpl.java:180)
	at org.jivesoftware.openfire.spi.ConnectionManagerImpl.access$0(ConnectionManagerImpl.java:139)
	at org.jivesoftware.openfire.spi.ConnectionManagerImpl$1.pluginsMonitored(ConnectionManagerImpl.java:152)
	at org.jivesoftware.openfire.container.PluginManager.firePluginsMonitored(PluginManager.java:568)
	at org.jivesoftware.openfire.container.PluginManager.access$6(PluginManager.java:566)
	at org.jivesoftware.openfire.container.PluginManager$PluginMonitor.run(PluginManager.java:1084)
	at java.util.concurrent.Executors$RunnableAdapter.call(Executors.java:471)
	at java.util.concurrent.FutureTask.runAndReset(FutureTask.java:304)
	at java.util.concurrent.ScheduledThreadPoolExecutor$ScheduledFutureTask.access$301(ScheduledThreadPoolExecutor.java:178)
	at java.util.concurrent.ScheduledThreadPoolExecutor$ScheduledFutureTask.run(ScheduledThreadPoolExecutor.java:293)
	at java.util.concurrent.ThreadPoolExecutor.runWorker(ThreadPoolExecutor.java:1145)
	at java.util.concurrent.ThreadPoolExecutor$Worker.run(ThreadPoolExecutor.java:615)
	at java.lang.Thread.run(Thread.java:744)
java.net.BindException: Address already in use: bind
	at sun.nio.ch.Net.bind0(Native Method)
	at sun.nio.ch.Net.bind(Net.java:444)
	at sun.nio.ch.Net.bind(Net.java:436)
	at sun.nio.ch.ServerSocketChannelImpl.bind(ServerSocketChannelImpl.java:214)
	at sun.nio.ch.ServerSocketAdaptor.bind(ServerSocketAdaptor.java:74)
	at org.eclipse.jetty.server.nio.SelectChannelConnector.open(SelectChannelConnector.java:172)
	at org.eclipse.jetty.server.AbstractConnector.doStart(AbstractConnector.java:300)
	at org.eclipse.jetty.server.nio.SelectChannelConnector.doStart(SelectChannelConnector.java:249)
	at org.eclipse.jetty.util.component.AbstractLifeCycle.start(AbstractLifeCycle.java:59)
	at org.eclipse.jetty.server.Server.doStart(Server.java:272)
	at org.eclipse.jetty.util.component.AbstractLifeCycle.start(AbstractLifeCycle.java:59)
	at org.jivesoftware.openfire.http.HttpBindManager.start(HttpBindManager.java:166)
	at org.jivesoftware.openfire.spi.ConnectionManagerImpl.startHTTPBindListeners(ConnectionManagerImpl.java:564)
	at org.jivesoftware.openfire.spi.ConnectionManagerImpl.startListeners(ConnectionManagerImpl.java:180)
	at org.jivesoftware.openfire.spi.ConnectionManagerImpl.access$0(ConnectionManagerImpl.java:139)
	at org.jivesoftware.openfire.spi.ConnectionManagerImpl$1.pluginsMonitored(ConnectionManagerImpl.java:152)
	at org.jivesoftware.openfire.container.PluginManager.firePluginsMonitored(PluginManager.java:568)
	at org.jivesoftware.openfire.container.PluginManager.access$6(PluginManager.java:566)
	at org.jivesoftware.openfire.container.PluginManager$PluginMonitor.run(PluginManager.java:1084)
	at java.util.concurrent.Executors$RunnableAdapter.call(Executors.java:471)
	at java.util.concurrent.FutureTask.runAndReset(FutureTask.java:304)
	at java.util.concurrent.ScheduledThreadPoolExecutor$ScheduledFutureTask.access$301(ScheduledThreadPoolExecutor.java:178)
	at java.util.concurrent.ScheduledThreadPoolExecutor$ScheduledFutureTask.run(ScheduledThreadPoolExecutor.java:293)
	at java.util.concurrent.ThreadPoolExecutor.runWorker(ThreadPoolExecutor.java:1145)
	at java.util.concurrent.ThreadPoolExecutor$Worker.run(ThreadPoolExecutor.java:615)
	at java.lang.Thread.run(Thread.java:744)
java.net.BindException: Address already in use: bind
	at sun.nio.ch.Net.bind0(Native Method)
	at sun.nio.ch.Net.bind(Net.java:444)
	at sun.nio.ch.Net.bind(Net.java:436)
	at sun.nio.ch.ServerSocketChannelImpl.bind(ServerSocketChannelImpl.java:214)
	at sun.nio.ch.ServerSocketAdaptor.bind(ServerSocketAdaptor.java:74)
	at org.eclipse.jetty.server.nio.SelectChannelConnector.open(SelectChannelConnector.java:172)
	at org.eclipse.jetty.server.AbstractConnector.doStart(AbstractConnector.java:300)
	at org.eclipse.jetty.server.nio.SelectChannelConnector.doStart(SelectChannelConnector.java:249)
	at org.eclipse.jetty.server.ssl.SslSelectChannelConnector.doStart(SslSelectChannelConnector.java:612)
	at org.eclipse.jetty.util.component.AbstractLifeCycle.start(AbstractLifeCycle.java:59)
	at org.eclipse.jetty.server.Server.doStart(Server.java:272)
	at org.eclipse.jetty.util.component.AbstractLifeCycle.start(AbstractLifeCycle.java:59)
	at org.jivesoftware.openfire.http.HttpBindManager.start(HttpBindManager.java:166)
	at org.jivesoftware.openfire.spi.ConnectionManagerImpl.startHTTPBindListeners(ConnectionManagerImpl.java:564)
	at org.jivesoftware.openfire.spi.ConnectionManagerImpl.startListeners(ConnectionManagerImpl.java:180)
	at org.jivesoftware.openfire.spi.ConnectionManagerImpl.access$0(ConnectionManagerImpl.java:139)
	at org.jivesoftware.openfire.spi.ConnectionManagerImpl$1.pluginsMonitored(ConnectionManagerImpl.java:152)
	at org.jivesoftware.openfire.container.PluginManager.firePluginsMonitored(PluginManager.java:568)
	at org.jivesoftware.openfire.container.PluginManager.access$6(PluginManager.java:566)
	at org.jivesoftware.openfire.container.PluginManager$PluginMonitor.run(PluginManager.java:1084)
	at java.util.concurrent.Executors$RunnableAdapter.call(Executors.java:471)
	at java.util.concurrent.FutureTask.runAndReset(FutureTask.java:304)
	at java.util.concurrent.ScheduledThreadPoolExecutor$ScheduledFutureTask.access$301(ScheduledThreadPoolExecutor.java:178)
	at java.util.concurrent.ScheduledThreadPoolExecutor$ScheduledFutureTask.run(ScheduledThreadPoolExecutor.java:293)
	at java.util.concurrent.ThreadPoolExecutor.runWorker(ThreadPoolExecutor.java:1145)
	at java.util.concurrent.ThreadPoolExecutor$Worker.run(ThreadPoolExecutor.java:615)
	at java.lang.Thread.run(Thread.java:744)
