2015.01.15 13:21:50 org.jivesoftware.openfire.container.AdminConsolePlugin - Admin console: Using RSA certificates but they are not valid for the hosted domain
2015.01.15 13:21:51 org.jivesoftware.openfire.http.HttpBindManager - HTTP binding: Using RSA certificates but they are not valid for the hosted domain
2015.01.15 13:22:25 org.jivesoftware.util.log.util.CommonsLogFactory - Going to buffer response body of large or unknown size. Using getResponseBodyAsStream instead is recommended.
2015.01.15 13:22:25 org.jivesoftware.util.log.util.CommonsLogFactory - Going to buffer response body of large or unknown size. Using getResponseBodyAsStream instead is recommended.
2015.01.15 13:22:41 org.jivesoftware.util.LocaleUtils - Missing resource for key: sidebar.sidebar-media-services in locale zh_CN
2015.01.15 13:22:49 org.jivesoftware.util.LocaleUtils - Missing resource for key: sidebar.sidebar-media-services in locale zh_CN
2015.01.15 13:23:01 org.jivesoftware.util.LocaleUtils - Missing resource for key: sidebar.sidebar-media-services in locale zh_CN
2015.01.15 13:23:03 org.jivesoftware.util.LocaleUtils - Missing resource for key: sidebar.sidebar-media-services in locale zh_CN
2015.01.15 13:23:04 org.jivesoftware.util.LocaleUtils - Missing resource for key: sidebar.sidebar-media-services in locale zh_CN
2015.01.15 13:26:32 org.jivesoftware.openfire.container.AdminConsolePlugin - Admin console: Using RSA certificates but they are not valid for the hosted domain
2015.01.15 13:26:33 org.eclipse.jetty.util.component.AbstractLifeCycle - FAILED SelectChannelConnector@0.0.0.0:9090 FAILED: java.net.BindException: Address already in use: bind
java.net.BindException: Address already in use: bind
	at sun.nio.ch.Net.bind0(Native Method)
	at sun.nio.ch.Net.bind(Net.java:444)
	at sun.nio.ch.Net.bind(Net.java:436)
	at sun.nio.ch.ServerSocketChannelImpl.bind(ServerSocketChannelImpl.java:214)
	at sun.nio.ch.ServerSocketAdaptor.bind(ServerSocketAdaptor.java:74)
	at org.eclipse.jetty.server.nio.SelectChannelConnector.open(SelectChannelConnector.java:172)
	at org.eclipse.jetty.server.AbstractConnector.doStart(AbstractConnector.java:300)
	at org.eclipse.jetty.server.nio.SelectChannelConnector.doStart(SelectChannelConnector.java:249)
	at org.eclipse.jetty.util.component.AbstractLifeCycle.start(AbstractLifeCycle.java:59)
	at org.eclipse.jetty.server.Server.doStart(Server.java:272)
	at org.eclipse.jetty.util.component.AbstractLifeCycle.start(AbstractLifeCycle.java:59)
	at org.jivesoftware.openfire.container.AdminConsolePlugin.startup(AdminConsolePlugin.java:181)
	at org.jivesoftware.openfire.container.AdminConsolePlugin.initializePlugin(AdminConsolePlugin.java:216)
	at org.jivesoftware.openfire.container.PluginManager.loadPlugin(PluginManager.java:483)
	at org.jivesoftware.openfire.container.PluginManager.access$1(PluginManager.java:282)
	at org.jivesoftware.openfire.container.PluginManager$PluginMonitor.run(PluginManager.java:1074)
	at java.util.concurrent.Executors$RunnableAdapter.call(Executors.java:471)
	at java.util.concurrent.FutureTask.runAndReset(FutureTask.java:304)
	at java.util.concurrent.ScheduledThreadPoolExecutor$ScheduledFutureTask.access$301(ScheduledThreadPoolExecutor.java:178)
	at java.util.concurrent.ScheduledThreadPoolExecutor$ScheduledFutureTask.run(ScheduledThreadPoolExecutor.java:293)
	at java.util.concurrent.ThreadPoolExecutor.runWorker(ThreadPoolExecutor.java:1145)
	at java.util.concurrent.ThreadPoolExecutor$Worker.run(ThreadPoolExecutor.java:615)
	at java.lang.Thread.run(Thread.java:744)
2015.01.15 13:26:34 org.eclipse.jetty.util.component.AbstractLifeCycle - FAILED SslSelectChannelConnector@0.0.0.0:9091 FAILED: java.net.BindException: Address already in use: bind
java.net.BindException: Address already in use: bind
	at sun.nio.ch.Net.bind0(Native Method)
	at sun.nio.ch.Net.bind(Net.java:444)
	at sun.nio.ch.Net.bind(Net.java:436)
	at sun.nio.ch.ServerSocketChannelImpl.bind(ServerSocketChannelImpl.java:214)
	at sun.nio.ch.ServerSocketAdaptor.bind(ServerSocketAdaptor.java:74)
	at org.eclipse.jetty.server.nio.SelectChannelConnector.open(SelectChannelConnector.java:172)
	at org.eclipse.jetty.server.AbstractConnector.doStart(AbstractConnector.java:300)
	at org.eclipse.jetty.server.nio.SelectChannelConnector.doStart(SelectChannelConnector.java:249)
	at org.eclipse.jetty.server.ssl.SslSelectChannelConnector.doStart(SslSelectChannelConnector.java:612)
	at org.eclipse.jetty.util.component.AbstractLifeCycle.start(AbstractLifeCycle.java:59)
	at org.eclipse.jetty.server.Server.doStart(Server.java:272)
	at org.eclipse.jetty.util.component.AbstractLifeCycle.start(AbstractLifeCycle.java:59)
	at org.jivesoftware.openfire.container.AdminConsolePlugin.startup(AdminConsolePlugin.java:181)
	at org.jivesoftware.openfire.container.AdminConsolePlugin.initializePlugin(AdminConsolePlugin.java:216)
	at org.jivesoftware.openfire.container.PluginManager.loadPlugin(PluginManager.java:483)
	at org.jivesoftware.openfire.container.PluginManager.access$1(PluginManager.java:282)
	at org.jivesoftware.openfire.container.PluginManager$PluginMonitor.run(PluginManager.java:1074)
	at java.util.concurrent.Executors$RunnableAdapter.call(Executors.java:471)
	at java.util.concurrent.FutureTask.runAndReset(FutureTask.java:304)
	at java.util.concurrent.ScheduledThreadPoolExecutor$ScheduledFutureTask.access$301(ScheduledThreadPoolExecutor.java:178)
	at java.util.concurrent.ScheduledThreadPoolExecutor$ScheduledFutureTask.run(ScheduledThreadPoolExecutor.java:293)
	at java.util.concurrent.ThreadPoolExecutor.runWorker(ThreadPoolExecutor.java:1145)
	at java.util.concurrent.ThreadPoolExecutor$Worker.run(ThreadPoolExecutor.java:615)
	at java.lang.Thread.run(Thread.java:744)
2015.01.15 13:26:34 org.eclipse.jetty.util.component.AbstractLifeCycle - FAILED org.eclipse.jetty.server.Server@5efe98b7: MultiException[java.net.BindException: Address already in use: bind, java.net.BindException: Address already in use: bind]
MultiException[java.net.BindException: Address already in use: bind, java.net.BindException: Address already in use: bind]
	at org.eclipse.jetty.server.Server.doStart(Server.java:254)
	at org.eclipse.jetty.util.component.AbstractLifeCycle.start(AbstractLifeCycle.java:59)
	at org.jivesoftware.openfire.container.AdminConsolePlugin.startup(AdminConsolePlugin.java:181)
	at org.jivesoftware.openfire.container.AdminConsolePlugin.initializePlugin(AdminConsolePlugin.java:216)
	at org.jivesoftware.openfire.container.PluginManager.loadPlugin(PluginManager.java:483)
	at org.jivesoftware.openfire.container.PluginManager.access$1(PluginManager.java:282)
	at org.jivesoftware.openfire.container.PluginManager$PluginMonitor.run(PluginManager.java:1074)
	at java.util.concurrent.Executors$RunnableAdapter.call(Executors.java:471)
	at java.util.concurrent.FutureTask.runAndReset(FutureTask.java:304)
	at java.util.concurrent.ScheduledThreadPoolExecutor$ScheduledFutureTask.access$301(ScheduledThreadPoolExecutor.java:178)
	at java.util.concurrent.ScheduledThreadPoolExecutor$ScheduledFutureTask.run(ScheduledThreadPoolExecutor.java:293)
	at java.util.concurrent.ThreadPoolExecutor.runWorker(ThreadPoolExecutor.java:1145)
	at java.util.concurrent.ThreadPoolExecutor$Worker.run(ThreadPoolExecutor.java:615)
	at java.lang.Thread.run(Thread.java:744)
java.net.BindException: Address already in use: bind
	at sun.nio.ch.Net.bind0(Native Method)
	at sun.nio.ch.Net.bind(Net.java:444)
	at sun.nio.ch.Net.bind(Net.java:436)
	at sun.nio.ch.ServerSocketChannelImpl.bind(ServerSocketChannelImpl.java:214)
	at sun.nio.ch.ServerSocketAdaptor.bind(ServerSocketAdaptor.java:74)
	at org.eclipse.jetty.server.nio.SelectChannelConnector.open(SelectChannelConnector.java:172)
	at org.eclipse.jetty.server.AbstractConnector.doStart(AbstractConnector.java:300)
	at org.eclipse.jetty.server.nio.SelectChannelConnector.doStart(SelectChannelConnector.java:249)
	at org.eclipse.jetty.util.component.AbstractLifeCycle.start(AbstractLifeCycle.java:59)
	at org.eclipse.jetty.server.Server.doStart(Server.java:272)
	at org.eclipse.jetty.util.component.AbstractLifeCycle.start(AbstractLifeCycle.java:59)
	at org.jivesoftware.openfire.container.AdminConsolePlugin.startup(AdminConsolePlugin.java:181)
	at org.jivesoftware.openfire.container.AdminConsolePlugin.initializePlugin(AdminConsolePlugin.java:216)
	at org.jivesoftware.openfire.container.PluginManager.loadPlugin(PluginManager.java:483)
	at org.jivesoftware.openfire.container.PluginManager.access$1(PluginManager.java:282)
	at org.jivesoftware.openfire.container.PluginManager$PluginMonitor.run(PluginManager.java:1074)
	at java.util.concurrent.Executors$RunnableAdapter.call(Executors.java:471)
	at java.util.concurrent.FutureTask.runAndReset(FutureTask.java:304)
	at java.util.concurrent.ScheduledThreadPoolExecutor$ScheduledFutureTask.access$301(ScheduledThreadPoolExecutor.java:178)
	at java.util.concurrent.ScheduledThreadPoolExecutor$ScheduledFutureTask.run(ScheduledThreadPoolExecutor.java:293)
	at java.util.concurrent.ThreadPoolExecutor.runWorker(ThreadPoolExecutor.java:1145)
	at java.util.concurrent.ThreadPoolExecutor$Worker.run(ThreadPoolExecutor.java:615)
	at java.lang.Thread.run(Thread.java:744)
java.net.BindException: Address already in use: bind
	at sun.nio.ch.Net.bind0(Native Method)
	at sun.nio.ch.Net.bind(Net.java:444)
	at sun.nio.ch.Net.bind(Net.java:436)
	at sun.nio.ch.ServerSocketChannelImpl.bind(ServerSocketChannelImpl.java:214)
	at sun.nio.ch.ServerSocketAdaptor.bind(ServerSocketAdaptor.java:74)
	at org.eclipse.jetty.server.nio.SelectChannelConnector.open(SelectChannelConnector.java:172)
	at org.eclipse.jetty.server.AbstractConnector.doStart(AbstractConnector.java:300)
	at org.eclipse.jetty.server.nio.SelectChannelConnector.doStart(SelectChannelConnector.java:249)
	at org.eclipse.jetty.server.ssl.SslSelectChannelConnector.doStart(SslSelectChannelConnector.java:612)
	at org.eclipse.jetty.util.component.AbstractLifeCycle.start(AbstractLifeCycle.java:59)
	at org.eclipse.jetty.server.Server.doStart(Server.java:272)
	at org.eclipse.jetty.util.component.AbstractLifeCycle.start(AbstractLifeCycle.java:59)
	at org.jivesoftware.openfire.container.AdminConsolePlugin.startup(AdminConsolePlugin.java:181)
	at org.jivesoftware.openfire.container.AdminConsolePlugin.initializePlugin(AdminConsolePlugin.java:216)
	at org.jivesoftware.openfire.container.PluginManager.loadPlugin(PluginManager.java:483)
	at org.jivesoftware.openfire.container.PluginManager.access$1(PluginManager.java:282)
	at org.jivesoftware.openfire.container.PluginManager$PluginMonitor.run(PluginManager.java:1074)
	at java.util.concurrent.Executors$RunnableAdapter.call(Executors.java:471)
	at java.util.concurrent.FutureTask.runAndReset(FutureTask.java:304)
	at java.util.concurrent.ScheduledThreadPoolExecutor$ScheduledFutureTask.access$301(ScheduledThreadPoolExecutor.java:178)
	at java.util.concurrent.ScheduledThreadPoolExecutor$ScheduledFutureTask.run(ScheduledThreadPoolExecutor.java:293)
	at java.util.concurrent.ThreadPoolExecutor.runWorker(ThreadPoolExecutor.java:1145)
	at java.util.concurrent.ThreadPoolExecutor$Worker.run(ThreadPoolExecutor.java:615)
	at java.lang.Thread.run(Thread.java:744)
2015.01.15 13:26:34 org.jivesoftware.openfire.http.HttpBindManager - HTTP binding: Using RSA certificates but they are not valid for the hosted domain
2015.01.15 13:26:34 org.eclipse.jetty.util.component.AbstractLifeCycle - FAILED SelectChannelConnector@0.0.0.0:7070 FAILED: java.net.BindException: Address already in use: bind
java.net.BindException: Address already in use: bind
	at sun.nio.ch.Net.bind0(Native Method)
	at sun.nio.ch.Net.bind(Net.java:444)
	at sun.nio.ch.Net.bind(Net.java:436)
	at sun.nio.ch.ServerSocketChannelImpl.bind(ServerSocketChannelImpl.java:214)
	at sun.nio.ch.ServerSocketAdaptor.bind(ServerSocketAdaptor.java:74)
	at org.eclipse.jetty.server.nio.SelectChannelConnector.open(SelectChannelConnector.java:172)
	at org.eclipse.jetty.server.AbstractConnector.doStart(AbstractConnector.java:300)
	at org.eclipse.jetty.server.nio.SelectChannelConnector.doStart(SelectChannelConnector.java:249)
	at org.eclipse.jetty.util.component.AbstractLifeCycle.start(AbstractLifeCycle.java:59)
	at org.eclipse.jetty.server.Server.doStart(Server.java:272)
	at org.eclipse.jetty.util.component.AbstractLifeCycle.start(AbstractLifeCycle.java:59)
	at org.jivesoftware.openfire.http.HttpBindManager.start(HttpBindManager.java:166)
	at org.jivesoftware.openfire.spi.ConnectionManagerImpl.startHTTPBindListeners(ConnectionManagerImpl.java:564)
	at org.jivesoftware.openfire.spi.ConnectionManagerImpl.startListeners(ConnectionManagerImpl.java:180)
	at org.jivesoftware.openfire.spi.ConnectionManagerImpl.access$0(ConnectionManagerImpl.java:139)
	at org.jivesoftware.openfire.spi.ConnectionManagerImpl$1.pluginsMonitored(ConnectionManagerImpl.java:152)
	at org.jivesoftware.openfire.container.PluginManager.firePluginsMonitored(PluginManager.java:568)
	at org.jivesoftware.openfire.container.PluginManager.access$6(PluginManager.java:566)
	at org.jivesoftware.openfire.container.PluginManager$PluginMonitor.run(PluginManager.java:1084)
	at java.util.concurrent.Executors$RunnableAdapter.call(Executors.java:471)
	at java.util.concurrent.FutureTask.runAndReset(FutureTask.java:304)
	at java.util.concurrent.ScheduledThreadPoolExecutor$ScheduledFutureTask.access$301(ScheduledThreadPoolExecutor.java:178)
	at java.util.concurrent.ScheduledThreadPoolExecutor$ScheduledFutureTask.run(ScheduledThreadPoolExecutor.java:293)
	at java.util.concurrent.ThreadPoolExecutor.runWorker(ThreadPoolExecutor.java:1145)
	at java.util.concurrent.ThreadPoolExecutor$Worker.run(ThreadPoolExecutor.java:615)
	at java.lang.Thread.run(Thread.java:744)
2015.01.15 13:26:34 org.eclipse.jetty.util.component.AbstractLifeCycle - FAILED SslSelectChannelConnector@0.0.0.0:7443 FAILED: java.net.BindException: Address already in use: bind
java.net.BindException: Address already in use: bind
	at sun.nio.ch.Net.bind0(Native Method)
	at sun.nio.ch.Net.bind(Net.java:444)
	at sun.nio.ch.Net.bind(Net.java:436)
	at sun.nio.ch.ServerSocketChannelImpl.bind(ServerSocketChannelImpl.java:214)
	at sun.nio.ch.ServerSocketAdaptor.bind(ServerSocketAdaptor.java:74)
	at org.eclipse.jetty.server.nio.SelectChannelConnector.open(SelectChannelConnector.java:172)
	at org.eclipse.jetty.server.AbstractConnector.doStart(AbstractConnector.java:300)
	at org.eclipse.jetty.server.nio.SelectChannelConnector.doStart(SelectChannelConnector.java:249)
	at org.eclipse.jetty.server.ssl.SslSelectChannelConnector.doStart(SslSelectChannelConnector.java:612)
	at org.eclipse.jetty.util.component.AbstractLifeCycle.start(AbstractLifeCycle.java:59)
	at org.eclipse.jetty.server.Server.doStart(Server.java:272)
	at org.eclipse.jetty.util.component.AbstractLifeCycle.start(AbstractLifeCycle.java:59)
	at org.jivesoftware.openfire.http.HttpBindManager.start(HttpBindManager.java:166)
	at org.jivesoftware.openfire.spi.ConnectionManagerImpl.startHTTPBindListeners(ConnectionManagerImpl.java:564)
	at org.jivesoftware.openfire.spi.ConnectionManagerImpl.startListeners(ConnectionManagerImpl.java:180)
	at org.jivesoftware.openfire.spi.ConnectionManagerImpl.access$0(ConnectionManagerImpl.java:139)
	at org.jivesoftware.openfire.spi.ConnectionManagerImpl$1.pluginsMonitored(ConnectionManagerImpl.java:152)
	at org.jivesoftware.openfire.container.PluginManager.firePluginsMonitored(PluginManager.java:568)
	at org.jivesoftware.openfire.container.PluginManager.access$6(PluginManager.java:566)
	at org.jivesoftware.openfire.container.PluginManager$PluginMonitor.run(PluginManager.java:1084)
	at java.util.concurrent.Executors$RunnableAdapter.call(Executors.java:471)
	at java.util.concurrent.FutureTask.runAndReset(FutureTask.java:304)
	at java.util.concurrent.ScheduledThreadPoolExecutor$ScheduledFutureTask.access$301(ScheduledThreadPoolExecutor.java:178)
	at java.util.concurrent.ScheduledThreadPoolExecutor$ScheduledFutureTask.run(ScheduledThreadPoolExecutor.java:293)
	at java.util.concurrent.ThreadPoolExecutor.runWorker(ThreadPoolExecutor.java:1145)
	at java.util.concurrent.ThreadPoolExecutor$Worker.run(ThreadPoolExecutor.java:615)
	at java.lang.Thread.run(Thread.java:744)
2015.01.15 13:26:34 org.eclipse.jetty.util.component.AbstractLifeCycle - FAILED org.eclipse.jetty.server.Server@24c6f2dc: MultiException[java.net.BindException: Address already in use: bind, java.net.BindException: Address already in use: bind]
MultiException[java.net.BindException: Address already in use: bind, java.net.BindException: Address already in use: bind]
	at org.eclipse.jetty.server.Server.doStart(Server.java:254)
	at org.eclipse.jetty.util.component.AbstractLifeCycle.start(AbstractLifeCycle.java:59)
	at org.jivesoftware.openfire.http.HttpBindManager.start(HttpBindManager.java:166)
	at org.jivesoftware.openfire.spi.ConnectionManagerImpl.startHTTPBindListeners(ConnectionManagerImpl.java:564)
	at org.jivesoftware.openfire.spi.ConnectionManagerImpl.startListeners(ConnectionManagerImpl.java:180)
	at org.jivesoftware.openfire.spi.ConnectionManagerImpl.access$0(ConnectionManagerImpl.java:139)
	at org.jivesoftware.openfire.spi.ConnectionManagerImpl$1.pluginsMonitored(ConnectionManagerImpl.java:152)
	at org.jivesoftware.openfire.container.PluginManager.firePluginsMonitored(PluginManager.java:568)
	at org.jivesoftware.openfire.container.PluginManager.access$6(PluginManager.java:566)
	at org.jivesoftware.openfire.container.PluginManager$PluginMonitor.run(PluginManager.java:1084)
	at java.util.concurrent.Executors$RunnableAdapter.call(Executors.java:471)
	at java.util.concurrent.FutureTask.runAndReset(FutureTask.java:304)
	at java.util.concurrent.ScheduledThreadPoolExecutor$ScheduledFutureTask.access$301(ScheduledThreadPoolExecutor.java:178)
	at java.util.concurrent.ScheduledThreadPoolExecutor$ScheduledFutureTask.run(ScheduledThreadPoolExecutor.java:293)
	at java.util.concurrent.ThreadPoolExecutor.runWorker(ThreadPoolExecutor.java:1145)
	at java.util.concurrent.ThreadPoolExecutor$Worker.run(ThreadPoolExecutor.java:615)
	at java.lang.Thread.run(Thread.java:744)
java.net.BindException: Address already in use: bind
	at sun.nio.ch.Net.bind0(Native Method)
	at sun.nio.ch.Net.bind(Net.java:444)
	at sun.nio.ch.Net.bind(Net.java:436)
	at sun.nio.ch.ServerSocketChannelImpl.bind(ServerSocketChannelImpl.java:214)
	at sun.nio.ch.ServerSocketAdaptor.bind(ServerSocketAdaptor.java:74)
	at org.eclipse.jetty.server.nio.SelectChannelConnector.open(SelectChannelConnector.java:172)
	at org.eclipse.jetty.server.AbstractConnector.doStart(AbstractConnector.java:300)
	at org.eclipse.jetty.server.nio.SelectChannelConnector.doStart(SelectChannelConnector.java:249)
	at org.eclipse.jetty.util.component.AbstractLifeCycle.start(AbstractLifeCycle.java:59)
	at org.eclipse.jetty.server.Server.doStart(Server.java:272)
	at org.eclipse.jetty.util.component.AbstractLifeCycle.start(AbstractLifeCycle.java:59)
	at org.jivesoftware.openfire.http.HttpBindManager.start(HttpBindManager.java:166)
	at org.jivesoftware.openfire.spi.ConnectionManagerImpl.startHTTPBindListeners(ConnectionManagerImpl.java:564)
	at org.jivesoftware.openfire.spi.ConnectionManagerImpl.startListeners(ConnectionManagerImpl.java:180)
	at org.jivesoftware.openfire.spi.ConnectionManagerImpl.access$0(ConnectionManagerImpl.java:139)
	at org.jivesoftware.openfire.spi.ConnectionManagerImpl$1.pluginsMonitored(ConnectionManagerImpl.java:152)
	at org.jivesoftware.openfire.container.PluginManager.firePluginsMonitored(PluginManager.java:568)
	at org.jivesoftware.openfire.container.PluginManager.access$6(PluginManager.java:566)
	at org.jivesoftware.openfire.container.PluginManager$PluginMonitor.run(PluginManager.java:1084)
	at java.util.concurrent.Executors$RunnableAdapter.call(Executors.java:471)
	at java.util.concurrent.FutureTask.runAndReset(FutureTask.java:304)
	at java.util.concurrent.ScheduledThreadPoolExecutor$ScheduledFutureTask.access$301(ScheduledThreadPoolExecutor.java:178)
	at java.util.concurrent.ScheduledThreadPoolExecutor$ScheduledFutureTask.run(ScheduledThreadPoolExecutor.java:293)
	at java.util.concurrent.ThreadPoolExecutor.runWorker(ThreadPoolExecutor.java:1145)
	at java.util.concurrent.ThreadPoolExecutor$Worker.run(ThreadPoolExecutor.java:615)
	at java.lang.Thread.run(Thread.java:744)
java.net.BindException: Address already in use: bind
	at sun.nio.ch.Net.bind0(Native Method)
	at sun.nio.ch.Net.bind(Net.java:444)
	at sun.nio.ch.Net.bind(Net.java:436)
	at sun.nio.ch.ServerSocketChannelImpl.bind(ServerSocketChannelImpl.java:214)
	at sun.nio.ch.ServerSocketAdaptor.bind(ServerSocketAdaptor.java:74)
	at org.eclipse.jetty.server.nio.SelectChannelConnector.open(SelectChannelConnector.java:172)
	at org.eclipse.jetty.server.AbstractConnector.doStart(AbstractConnector.java:300)
	at org.eclipse.jetty.server.nio.SelectChannelConnector.doStart(SelectChannelConnector.java:249)
	at org.eclipse.jetty.server.ssl.SslSelectChannelConnector.doStart(SslSelectChannelConnector.java:612)
	at org.eclipse.jetty.util.component.AbstractLifeCycle.start(AbstractLifeCycle.java:59)
	at org.eclipse.jetty.server.Server.doStart(Server.java:272)
	at org.eclipse.jetty.util.component.AbstractLifeCycle.start(AbstractLifeCycle.java:59)
	at org.jivesoftware.openfire.http.HttpBindManager.start(HttpBindManager.java:166)
	at org.jivesoftware.openfire.spi.ConnectionManagerImpl.startHTTPBindListeners(ConnectionManagerImpl.java:564)
	at org.jivesoftware.openfire.spi.ConnectionManagerImpl.startListeners(ConnectionManagerImpl.java:180)
	at org.jivesoftware.openfire.spi.ConnectionManagerImpl.access$0(ConnectionManagerImpl.java:139)
	at org.jivesoftware.openfire.spi.ConnectionManagerImpl$1.pluginsMonitored(ConnectionManagerImpl.java:152)
	at org.jivesoftware.openfire.container.PluginManager.firePluginsMonitored(PluginManager.java:568)
	at org.jivesoftware.openfire.container.PluginManager.access$6(PluginManager.java:566)
	at org.jivesoftware.openfire.container.PluginManager$PluginMonitor.run(PluginManager.java:1084)
	at java.util.concurrent.Executors$RunnableAdapter.call(Executors.java:471)
	at java.util.concurrent.FutureTask.runAndReset(FutureTask.java:304)
	at java.util.concurrent.ScheduledThreadPoolExecutor$ScheduledFutureTask.access$301(ScheduledThreadPoolExecutor.java:178)
	at java.util.concurrent.ScheduledThreadPoolExecutor$ScheduledFutureTask.run(ScheduledThreadPoolExecutor.java:293)
	at java.util.concurrent.ThreadPoolExecutor.runWorker(ThreadPoolExecutor.java:1145)
	at java.util.concurrent.ThreadPoolExecutor$Worker.run(ThreadPoolExecutor.java:615)
	at java.lang.Thread.run(Thread.java:744)
2015.01.15 13:27:07 org.jivesoftware.openfire.container.AdminConsolePlugin - Admin console: Using RSA certificates but they are not valid for the hosted domain
2015.01.15 13:27:08 org.eclipse.jetty.util.component.AbstractLifeCycle - FAILED SelectChannelConnector@0.0.0.0:9090 FAILED: java.net.BindException: Address already in use: bind
java.net.BindException: Address already in use: bind
	at sun.nio.ch.Net.bind0(Native Method)
	at sun.nio.ch.Net.bind(Net.java:444)
	at sun.nio.ch.Net.bind(Net.java:436)
	at sun.nio.ch.ServerSocketChannelImpl.bind(ServerSocketChannelImpl.java:214)
	at sun.nio.ch.ServerSocketAdaptor.bind(ServerSocketAdaptor.java:74)
	at org.eclipse.jetty.server.nio.SelectChannelConnector.open(SelectChannelConnector.java:172)
	at org.eclipse.jetty.server.AbstractConnector.doStart(AbstractConnector.java:300)
	at org.eclipse.jetty.server.nio.SelectChannelConnector.doStart(SelectChannelConnector.java:249)
	at org.eclipse.jetty.util.component.AbstractLifeCycle.start(AbstractLifeCycle.java:59)
	at org.eclipse.jetty.server.Server.doStart(Server.java:272)
	at org.eclipse.jetty.util.component.AbstractLifeCycle.start(AbstractLifeCycle.java:59)
	at org.jivesoftware.openfire.container.AdminConsolePlugin.startup(AdminConsolePlugin.java:181)
	at org.jivesoftware.openfire.container.AdminConsolePlugin.initializePlugin(AdminConsolePlugin.java:216)
	at org.jivesoftware.openfire.container.PluginManager.loadPlugin(PluginManager.java:483)
	at org.jivesoftware.openfire.container.PluginManager.access$1(PluginManager.java:282)
	at org.jivesoftware.openfire.container.PluginManager$PluginMonitor.run(PluginManager.java:1074)
	at java.util.concurrent.Executors$RunnableAdapter.call(Executors.java:471)
	at java.util.concurrent.FutureTask.runAndReset(FutureTask.java:304)
	at java.util.concurrent.ScheduledThreadPoolExecutor$ScheduledFutureTask.access$301(ScheduledThreadPoolExecutor.java:178)
	at java.util.concurrent.ScheduledThreadPoolExecutor$ScheduledFutureTask.run(ScheduledThreadPoolExecutor.java:293)
	at java.util.concurrent.ThreadPoolExecutor.runWorker(ThreadPoolExecutor.java:1145)
	at java.util.concurrent.ThreadPoolExecutor$Worker.run(ThreadPoolExecutor.java:615)
	at java.lang.Thread.run(Thread.java:744)
2015.01.15 13:27:08 org.eclipse.jetty.util.component.AbstractLifeCycle - FAILED SslSelectChannelConnector@0.0.0.0:9091 FAILED: java.net.BindException: Address already in use: bind
java.net.BindException: Address already in use: bind
	at sun.nio.ch.Net.bind0(Native Method)
	at sun.nio.ch.Net.bind(Net.java:444)
	at sun.nio.ch.Net.bind(Net.java:436)
	at sun.nio.ch.ServerSocketChannelImpl.bind(ServerSocketChannelImpl.java:214)
	at sun.nio.ch.ServerSocketAdaptor.bind(ServerSocketAdaptor.java:74)
	at org.eclipse.jetty.server.nio.SelectChannelConnector.open(SelectChannelConnector.java:172)
	at org.eclipse.jetty.server.AbstractConnector.doStart(AbstractConnector.java:300)
	at org.eclipse.jetty.server.nio.SelectChannelConnector.doStart(SelectChannelConnector.java:249)
	at org.eclipse.jetty.server.ssl.SslSelectChannelConnector.doStart(SslSelectChannelConnector.java:612)
	at org.eclipse.jetty.util.component.AbstractLifeCycle.start(AbstractLifeCycle.java:59)
	at org.eclipse.jetty.server.Server.doStart(Server.java:272)
	at org.eclipse.jetty.util.component.AbstractLifeCycle.start(AbstractLifeCycle.java:59)
	at org.jivesoftware.openfire.container.AdminConsolePlugin.startup(AdminConsolePlugin.java:181)
	at org.jivesoftware.openfire.container.AdminConsolePlugin.initializePlugin(AdminConsolePlugin.java:216)
	at org.jivesoftware.openfire.container.PluginManager.loadPlugin(PluginManager.java:483)
	at org.jivesoftware.openfire.container.PluginManager.access$1(PluginManager.java:282)
	at org.jivesoftware.openfire.container.PluginManager$PluginMonitor.run(PluginManager.java:1074)
	at java.util.concurrent.Executors$RunnableAdapter.call(Executors.java:471)
	at java.util.concurrent.FutureTask.runAndReset(FutureTask.java:304)
	at java.util.concurrent.ScheduledThreadPoolExecutor$ScheduledFutureTask.access$301(ScheduledThreadPoolExecutor.java:178)
	at java.util.concurrent.ScheduledThreadPoolExecutor$ScheduledFutureTask.run(ScheduledThreadPoolExecutor.java:293)
	at java.util.concurrent.ThreadPoolExecutor.runWorker(ThreadPoolExecutor.java:1145)
	at java.util.concurrent.ThreadPoolExecutor$Worker.run(ThreadPoolExecutor.java:615)
	at java.lang.Thread.run(Thread.java:744)
2015.01.15 13:27:08 org.eclipse.jetty.util.component.AbstractLifeCycle - FAILED org.eclipse.jetty.server.Server@1d37f2bf: MultiException[java.net.BindException: Address already in use: bind, java.net.BindException: Address already in use: bind]
MultiException[java.net.BindException: Address already in use: bind, java.net.BindException: Address already in use: bind]
	at org.eclipse.jetty.server.Server.doStart(Server.java:254)
	at org.eclipse.jetty.util.component.AbstractLifeCycle.start(AbstractLifeCycle.java:59)
	at org.jivesoftware.openfire.container.AdminConsolePlugin.startup(AdminConsolePlugin.java:181)
	at org.jivesoftware.openfire.container.AdminConsolePlugin.initializePlugin(AdminConsolePlugin.java:216)
	at org.jivesoftware.openfire.container.PluginManager.loadPlugin(PluginManager.java:483)
	at org.jivesoftware.openfire.container.PluginManager.access$1(PluginManager.java:282)
	at org.jivesoftware.openfire.container.PluginManager$PluginMonitor.run(PluginManager.java:1074)
	at java.util.concurrent.Executors$RunnableAdapter.call(Executors.java:471)
	at java.util.concurrent.FutureTask.runAndReset(FutureTask.java:304)
	at java.util.concurrent.ScheduledThreadPoolExecutor$ScheduledFutureTask.access$301(ScheduledThreadPoolExecutor.java:178)
	at java.util.concurrent.ScheduledThreadPoolExecutor$ScheduledFutureTask.run(ScheduledThreadPoolExecutor.java:293)
	at java.util.concurrent.ThreadPoolExecutor.runWorker(ThreadPoolExecutor.java:1145)
	at java.util.concurrent.ThreadPoolExecutor$Worker.run(ThreadPoolExecutor.java:615)
	at java.lang.Thread.run(Thread.java:744)
java.net.BindException: Address already in use: bind
	at sun.nio.ch.Net.bind0(Native Method)
	at sun.nio.ch.Net.bind(Net.java:444)
	at sun.nio.ch.Net.bind(Net.java:436)
	at sun.nio.ch.ServerSocketChannelImpl.bind(ServerSocketChannelImpl.java:214)
	at sun.nio.ch.ServerSocketAdaptor.bind(ServerSocketAdaptor.java:74)
	at org.eclipse.jetty.server.nio.SelectChannelConnector.open(SelectChannelConnector.java:172)
	at org.eclipse.jetty.server.AbstractConnector.doStart(AbstractConnector.java:300)
	at org.eclipse.jetty.server.nio.SelectChannelConnector.doStart(SelectChannelConnector.java:249)
	at org.eclipse.jetty.util.component.AbstractLifeCycle.start(AbstractLifeCycle.java:59)
	at org.eclipse.jetty.server.Server.doStart(Server.java:272)
	at org.eclipse.jetty.util.component.AbstractLifeCycle.start(AbstractLifeCycle.java:59)
	at org.jivesoftware.openfire.container.AdminConsolePlugin.startup(AdminConsolePlugin.java:181)
	at org.jivesoftware.openfire.container.AdminConsolePlugin.initializePlugin(AdminConsolePlugin.java:216)
	at org.jivesoftware.openfire.container.PluginManager.loadPlugin(PluginManager.java:483)
	at org.jivesoftware.openfire.container.PluginManager.access$1(PluginManager.java:282)
	at org.jivesoftware.openfire.container.PluginManager$PluginMonitor.run(PluginManager.java:1074)
	at java.util.concurrent.Executors$RunnableAdapter.call(Executors.java:471)
	at java.util.concurrent.FutureTask.runAndReset(FutureTask.java:304)
	at java.util.concurrent.ScheduledThreadPoolExecutor$ScheduledFutureTask.access$301(ScheduledThreadPoolExecutor.java:178)
	at java.util.concurrent.ScheduledThreadPoolExecutor$ScheduledFutureTask.run(ScheduledThreadPoolExecutor.java:293)
	at java.util.concurrent.ThreadPoolExecutor.runWorker(ThreadPoolExecutor.java:1145)
	at java.util.concurrent.ThreadPoolExecutor$Worker.run(ThreadPoolExecutor.java:615)
	at java.lang.Thread.run(Thread.java:744)
java.net.BindException: Address already in use: bind
	at sun.nio.ch.Net.bind0(Native Method)
	at sun.nio.ch.Net.bind(Net.java:444)
	at sun.nio.ch.Net.bind(Net.java:436)
	at sun.nio.ch.ServerSocketChannelImpl.bind(ServerSocketChannelImpl.java:214)
	at sun.nio.ch.ServerSocketAdaptor.bind(ServerSocketAdaptor.java:74)
	at org.eclipse.jetty.server.nio.SelectChannelConnector.open(SelectChannelConnector.java:172)
	at org.eclipse.jetty.server.AbstractConnector.doStart(AbstractConnector.java:300)
	at org.eclipse.jetty.server.nio.SelectChannelConnector.doStart(SelectChannelConnector.java:249)
	at org.eclipse.jetty.server.ssl.SslSelectChannelConnector.doStart(SslSelectChannelConnector.java:612)
	at org.eclipse.jetty.util.component.AbstractLifeCycle.start(AbstractLifeCycle.java:59)
	at org.eclipse.jetty.server.Server.doStart(Server.java:272)
	at org.eclipse.jetty.util.component.AbstractLifeCycle.start(AbstractLifeCycle.java:59)
	at org.jivesoftware.openfire.container.AdminConsolePlugin.startup(AdminConsolePlugin.java:181)
	at org.jivesoftware.openfire.container.AdminConsolePlugin.initializePlugin(AdminConsolePlugin.java:216)
	at org.jivesoftware.openfire.container.PluginManager.loadPlugin(PluginManager.java:483)
	at org.jivesoftware.openfire.container.PluginManager.access$1(PluginManager.java:282)
	at org.jivesoftware.openfire.container.PluginManager$PluginMonitor.run(PluginManager.java:1074)
	at java.util.concurrent.Executors$RunnableAdapter.call(Executors.java:471)
	at java.util.concurrent.FutureTask.runAndReset(FutureTask.java:304)
	at java.util.concurrent.ScheduledThreadPoolExecutor$ScheduledFutureTask.access$301(ScheduledThreadPoolExecutor.java:178)
	at java.util.concurrent.ScheduledThreadPoolExecutor$ScheduledFutureTask.run(ScheduledThreadPoolExecutor.java:293)
	at java.util.concurrent.ThreadPoolExecutor.runWorker(ThreadPoolExecutor.java:1145)
	at java.util.concurrent.ThreadPoolExecutor$Worker.run(ThreadPoolExecutor.java:615)
	at java.lang.Thread.run(Thread.java:744)
2015.01.15 13:27:08 org.jivesoftware.openfire.http.HttpBindManager - HTTP binding: Using RSA certificates but they are not valid for the hosted domain
2015.01.15 13:27:08 org.eclipse.jetty.util.component.AbstractLifeCycle - FAILED SelectChannelConnector@0.0.0.0:7070 FAILED: java.net.BindException: Address already in use: bind
java.net.BindException: Address already in use: bind
	at sun.nio.ch.Net.bind0(Native Method)
	at sun.nio.ch.Net.bind(Net.java:444)
	at sun.nio.ch.Net.bind(Net.java:436)
	at sun.nio.ch.ServerSocketChannelImpl.bind(ServerSocketChannelImpl.java:214)
	at sun.nio.ch.ServerSocketAdaptor.bind(ServerSocketAdaptor.java:74)
	at org.eclipse.jetty.server.nio.SelectChannelConnector.open(SelectChannelConnector.java:172)
	at org.eclipse.jetty.server.AbstractConnector.doStart(AbstractConnector.java:300)
	at org.eclipse.jetty.server.nio.SelectChannelConnector.doStart(SelectChannelConnector.java:249)
	at org.eclipse.jetty.util.component.AbstractLifeCycle.start(AbstractLifeCycle.java:59)
	at org.eclipse.jetty.server.Server.doStart(Server.java:272)
	at org.eclipse.jetty.util.component.AbstractLifeCycle.start(AbstractLifeCycle.java:59)
	at org.jivesoftware.openfire.http.HttpBindManager.start(HttpBindManager.java:166)
	at org.jivesoftware.openfire.spi.ConnectionManagerImpl.startHTTPBindListeners(ConnectionManagerImpl.java:564)
	at org.jivesoftware.openfire.spi.ConnectionManagerImpl.startListeners(ConnectionManagerImpl.java:180)
	at org.jivesoftware.openfire.spi.ConnectionManagerImpl.access$0(ConnectionManagerImpl.java:139)
	at org.jivesoftware.openfire.spi.ConnectionManagerImpl$1.pluginsMonitored(ConnectionManagerImpl.java:152)
	at org.jivesoftware.openfire.container.PluginManager.firePluginsMonitored(PluginManager.java:568)
	at org.jivesoftware.openfire.container.PluginManager.access$6(PluginManager.java:566)
	at org.jivesoftware.openfire.container.PluginManager$PluginMonitor.run(PluginManager.java:1084)
	at java.util.concurrent.Executors$RunnableAdapter.call(Executors.java:471)
	at java.util.concurrent.FutureTask.runAndReset(FutureTask.java:304)
	at java.util.concurrent.ScheduledThreadPoolExecutor$ScheduledFutureTask.access$301(ScheduledThreadPoolExecutor.java:178)
	at java.util.concurrent.ScheduledThreadPoolExecutor$ScheduledFutureTask.run(ScheduledThreadPoolExecutor.java:293)
	at java.util.concurrent.ThreadPoolExecutor.runWorker(ThreadPoolExecutor.java:1145)
	at java.util.concurrent.ThreadPoolExecutor$Worker.run(ThreadPoolExecutor.java:615)
	at java.lang.Thread.run(Thread.java:744)
2015.01.15 13:27:08 org.eclipse.jetty.util.component.AbstractLifeCycle - FAILED SslSelectChannelConnector@0.0.0.0:7443 FAILED: java.net.BindException: Address already in use: bind
java.net.BindException: Address already in use: bind
	at sun.nio.ch.Net.bind0(Native Method)
	at sun.nio.ch.Net.bind(Net.java:444)
	at sun.nio.ch.Net.bind(Net.java:436)
	at sun.nio.ch.ServerSocketChannelImpl.bind(ServerSocketChannelImpl.java:214)
	at sun.nio.ch.ServerSocketAdaptor.bind(ServerSocketAdaptor.java:74)
	at org.eclipse.jetty.server.nio.SelectChannelConnector.open(SelectChannelConnector.java:172)
	at org.eclipse.jetty.server.AbstractConnector.doStart(AbstractConnector.java:300)
	at org.eclipse.jetty.server.nio.SelectChannelConnector.doStart(SelectChannelConnector.java:249)
	at org.eclipse.jetty.server.ssl.SslSelectChannelConnector.doStart(SslSelectChannelConnector.java:612)
	at org.eclipse.jetty.util.component.AbstractLifeCycle.start(AbstractLifeCycle.java:59)
	at org.eclipse.jetty.server.Server.doStart(Server.java:272)
	at org.eclipse.jetty.util.component.AbstractLifeCycle.start(AbstractLifeCycle.java:59)
	at org.jivesoftware.openfire.http.HttpBindManager.start(HttpBindManager.java:166)
	at org.jivesoftware.openfire.spi.ConnectionManagerImpl.startHTTPBindListeners(ConnectionManagerImpl.java:564)
	at org.jivesoftware.openfire.spi.ConnectionManagerImpl.startListeners(ConnectionManagerImpl.java:180)
	at org.jivesoftware.openfire.spi.ConnectionManagerImpl.access$0(ConnectionManagerImpl.java:139)
	at org.jivesoftware.openfire.spi.ConnectionManagerImpl$1.pluginsMonitored(ConnectionManagerImpl.java:152)
	at org.jivesoftware.openfire.container.PluginManager.firePluginsMonitored(PluginManager.java:568)
	at org.jivesoftware.openfire.container.PluginManager.access$6(PluginManager.java:566)
	at org.jivesoftware.openfire.container.PluginManager$PluginMonitor.run(PluginManager.java:1084)
	at java.util.concurrent.Executors$RunnableAdapter.call(Executors.java:471)
	at java.util.concurrent.FutureTask.runAndReset(FutureTask.java:304)
	at java.util.concurrent.ScheduledThreadPoolExecutor$ScheduledFutureTask.access$301(ScheduledThreadPoolExecutor.java:178)
	at java.util.concurrent.ScheduledThreadPoolExecutor$ScheduledFutureTask.run(ScheduledThreadPoolExecutor.java:293)
	at java.util.concurrent.ThreadPoolExecutor.runWorker(ThreadPoolExecutor.java:1145)
	at java.util.concurrent.ThreadPoolExecutor$Worker.run(ThreadPoolExecutor.java:615)
	at java.lang.Thread.run(Thread.java:744)
2015.01.15 13:27:08 org.eclipse.jetty.util.component.AbstractLifeCycle - FAILED org.eclipse.jetty.server.Server@1e89de48: MultiException[java.net.BindException: Address already in use: bind, java.net.BindException: Address already in use: bind]
MultiException[java.net.BindException: Address already in use: bind, java.net.BindException: Address already in use: bind]
	at org.eclipse.jetty.server.Server.doStart(Server.java:254)
	at org.eclipse.jetty.util.component.AbstractLifeCycle.start(AbstractLifeCycle.java:59)
	at org.jivesoftware.openfire.http.HttpBindManager.start(HttpBindManager.java:166)
	at org.jivesoftware.openfire.spi.ConnectionManagerImpl.startHTTPBindListeners(ConnectionManagerImpl.java:564)
	at org.jivesoftware.openfire.spi.ConnectionManagerImpl.startListeners(ConnectionManagerImpl.java:180)
	at org.jivesoftware.openfire.spi.ConnectionManagerImpl.access$0(ConnectionManagerImpl.java:139)
	at org.jivesoftware.openfire.spi.ConnectionManagerImpl$1.pluginsMonitored(ConnectionManagerImpl.java:152)
	at org.jivesoftware.openfire.container.PluginManager.firePluginsMonitored(PluginManager.java:568)
	at org.jivesoftware.openfire.container.PluginManager.access$6(PluginManager.java:566)
	at org.jivesoftware.openfire.container.PluginManager$PluginMonitor.run(PluginManager.java:1084)
	at java.util.concurrent.Executors$RunnableAdapter.call(Executors.java:471)
	at java.util.concurrent.FutureTask.runAndReset(FutureTask.java:304)
	at java.util.concurrent.ScheduledThreadPoolExecutor$ScheduledFutureTask.access$301(ScheduledThreadPoolExecutor.java:178)
	at java.util.concurrent.ScheduledThreadPoolExecutor$ScheduledFutureTask.run(ScheduledThreadPoolExecutor.java:293)
	at java.util.concurrent.ThreadPoolExecutor.runWorker(ThreadPoolExecutor.java:1145)
	at java.util.concurrent.ThreadPoolExecutor$Worker.run(ThreadPoolExecutor.java:615)
	at java.lang.Thread.run(Thread.java:744)
java.net.BindException: Address already in use: bind
	at sun.nio.ch.Net.bind0(Native Method)
	at sun.nio.ch.Net.bind(Net.java:444)
	at sun.nio.ch.Net.bind(Net.java:436)
	at sun.nio.ch.ServerSocketChannelImpl.bind(ServerSocketChannelImpl.java:214)
	at sun.nio.ch.ServerSocketAdaptor.bind(ServerSocketAdaptor.java:74)
	at org.eclipse.jetty.server.nio.SelectChannelConnector.open(SelectChannelConnector.java:172)
	at org.eclipse.jetty.server.AbstractConnector.doStart(AbstractConnector.java:300)
	at org.eclipse.jetty.server.nio.SelectChannelConnector.doStart(SelectChannelConnector.java:249)
	at org.eclipse.jetty.util.component.AbstractLifeCycle.start(AbstractLifeCycle.java:59)
	at org.eclipse.jetty.server.Server.doStart(Server.java:272)
	at org.eclipse.jetty.util.component.AbstractLifeCycle.start(AbstractLifeCycle.java:59)
	at org.jivesoftware.openfire.http.HttpBindManager.start(HttpBindManager.java:166)
	at org.jivesoftware.openfire.spi.ConnectionManagerImpl.startHTTPBindListeners(ConnectionManagerImpl.java:564)
	at org.jivesoftware.openfire.spi.ConnectionManagerImpl.startListeners(ConnectionManagerImpl.java:180)
	at org.jivesoftware.openfire.spi.ConnectionManagerImpl.access$0(ConnectionManagerImpl.java:139)
	at org.jivesoftware.openfire.spi.ConnectionManagerImpl$1.pluginsMonitored(ConnectionManagerImpl.java:152)
	at org.jivesoftware.openfire.container.PluginManager.firePluginsMonitored(PluginManager.java:568)
	at org.jivesoftware.openfire.container.PluginManager.access$6(PluginManager.java:566)
	at org.jivesoftware.openfire.container.PluginManager$PluginMonitor.run(PluginManager.java:1084)
	at java.util.concurrent.Executors$RunnableAdapter.call(Executors.java:471)
	at java.util.concurrent.FutureTask.runAndReset(FutureTask.java:304)
	at java.util.concurrent.ScheduledThreadPoolExecutor$ScheduledFutureTask.access$301(ScheduledThreadPoolExecutor.java:178)
	at java.util.concurrent.ScheduledThreadPoolExecutor$ScheduledFutureTask.run(ScheduledThreadPoolExecutor.java:293)
	at java.util.concurrent.ThreadPoolExecutor.runWorker(ThreadPoolExecutor.java:1145)
	at java.util.concurrent.ThreadPoolExecutor$Worker.run(ThreadPoolExecutor.java:615)
	at java.lang.Thread.run(Thread.java:744)
java.net.BindException: Address already in use: bind
	at sun.nio.ch.Net.bind0(Native Method)
	at sun.nio.ch.Net.bind(Net.java:444)
	at sun.nio.ch.Net.bind(Net.java:436)
	at sun.nio.ch.ServerSocketChannelImpl.bind(ServerSocketChannelImpl.java:214)
	at sun.nio.ch.ServerSocketAdaptor.bind(ServerSocketAdaptor.java:74)
	at org.eclipse.jetty.server.nio.SelectChannelConnector.open(SelectChannelConnector.java:172)
	at org.eclipse.jetty.server.AbstractConnector.doStart(AbstractConnector.java:300)
	at org.eclipse.jetty.server.nio.SelectChannelConnector.doStart(SelectChannelConnector.java:249)
	at org.eclipse.jetty.server.ssl.SslSelectChannelConnector.doStart(SslSelectChannelConnector.java:612)
	at org.eclipse.jetty.util.component.AbstractLifeCycle.start(AbstractLifeCycle.java:59)
	at org.eclipse.jetty.server.Server.doStart(Server.java:272)
	at org.eclipse.jetty.util.component.AbstractLifeCycle.start(AbstractLifeCycle.java:59)
	at org.jivesoftware.openfire.http.HttpBindManager.start(HttpBindManager.java:166)
	at org.jivesoftware.openfire.spi.ConnectionManagerImpl.startHTTPBindListeners(ConnectionManagerImpl.java:564)
	at org.jivesoftware.openfire.spi.ConnectionManagerImpl.startListeners(ConnectionManagerImpl.java:180)
	at org.jivesoftware.openfire.spi.ConnectionManagerImpl.access$0(ConnectionManagerImpl.java:139)
	at org.jivesoftware.openfire.spi.ConnectionManagerImpl$1.pluginsMonitored(ConnectionManagerImpl.java:152)
	at org.jivesoftware.openfire.container.PluginManager.firePluginsMonitored(PluginManager.java:568)
	at org.jivesoftware.openfire.container.PluginManager.access$6(PluginManager.java:566)
	at org.jivesoftware.openfire.container.PluginManager$PluginMonitor.run(PluginManager.java:1084)
	at java.util.concurrent.Executors$RunnableAdapter.call(Executors.java:471)
	at java.util.concurrent.FutureTask.runAndReset(FutureTask.java:304)
	at java.util.concurrent.ScheduledThreadPoolExecutor$ScheduledFutureTask.access$301(ScheduledThreadPoolExecutor.java:178)
	at java.util.concurrent.ScheduledThreadPoolExecutor$ScheduledFutureTask.run(ScheduledThreadPoolExecutor.java:293)
	at java.util.concurrent.ThreadPoolExecutor.runWorker(ThreadPoolExecutor.java:1145)
	at java.util.concurrent.ThreadPoolExecutor$Worker.run(ThreadPoolExecutor.java:615)
	at java.lang.Thread.run(Thread.java:744)
2015.01.15 13:27:34 org.jivesoftware.util.LocaleUtils - Missing resource for key: sidebar.sidebar-media-services in locale zh_CN
2015.01.15 13:40:27 org.jivesoftware.util.LocaleUtils - Missing resource for key: sidebar.sidebar-media-services in locale zh_CN
2015.01.15 14:09:28 org.jivesoftware.util.LocaleUtils - Missing resource for key: sidebar.sidebar-media-services in locale zh_CN
2015.01.15 14:12:08 org.jivesoftware.util.LocaleUtils - Missing resource for key: sidebar.sidebar-media-services in locale zh_CN
2015.01.15 14:12:42 org.jivesoftware.util.LocaleUtils - Missing resource for key: sidebar.sidebar-media-services in locale zh_CN
2015.01.15 14:18:08 org.jivesoftware.util.LocaleUtils - Missing resource for key: sidebar.user-roster.descr in locale zh_CN
2015.01.15 14:18:12 org.jivesoftware.util.LocaleUtils - Missing resource for key: sidebar.user-roster.descr in locale zh_CN
2015.01.15 14:18:14 org.jivesoftware.util.LocaleUtils - Missing resource for key: sidebar.user-roster.descr in locale zh_CN
2015.01.15 14:18:16 org.jivesoftware.util.LocaleUtils - Missing resource for key: sidebar.user-roster.descr in locale zh_CN
